<?xml version="1.0" encoding="utf-8"?>
<CoverageSession xmlns:xsd="http://www.w3.org/2001/XMLSchema" xmlns:xsi="http://www.w3.org/2001/XMLSchema-instance" Version="0.0.0.0">
  <Summary numSequencePoints="3754" visitedSequencePoints="2792" numBranchPoints="0" visitedBranchPoints="0" sequenceCoverage="74.37" branchCoverage="0.0" maxCyclomaticComplexity="0" minCyclomaticComplexity="0" maxCrapScore="0" minCrapScore="0" visitedClasses="48" numClasses="48" visitedMethods="195" numMethods="197" />
  <Modules>
    <Module>
      <Summary numSequencePoints="2911" visitedSequencePoints="2213" numBranchPoints="0" visitedBranchPoints="0" sequenceCoverage="76.02" branchCoverage="0.0" maxCyclomaticComplexity="0" minCyclomaticComplexity="0" maxCrapScore="0" minCrapScore="0" visitedClasses="18" numClasses="18" visitedMethods="92" numMethods="92" />
      <ModuleTime>0001-01-01T00:00:00</ModuleTime>
      <ModuleName>Assembly-CSharp</ModuleName>
      <Files>
        <File uid="1" fullPath="D:/github/Game3D/Assets/FantasyEnvironments/Environments/Town/Scripts/Door.cs" />
        <File uid="2" fullPath="D:/github/Game3D/Assets/InventoryMaster/Scripts/CraftSystem/Blueprint.cs" />
        <File uid="3" fullPath="D:/github/Game3D/Assets/InventoryMaster/Scripts/CraftSystem/BlueprintDatabase.cs" />
        <File uid="4" fullPath="D:/github/Game3D/Assets/InventoryMaster/Scripts/CraftSystem/CraftResultSlot.cs" />
        <File uid="5" fullPath="D:/github/Game3D/Assets/InventoryMaster/Scripts/CraftSystem/CraftSystem.cs" />
        <File uid="6" fullPath="D:/github/Game3D/Assets/InventoryMaster/Scripts/CraftSystem/CreateBlueprintDatabase.cs" />
        <File uid="7" fullPath="D:/github/Game3D/Assets/InventoryMaster/Scripts/CraftSystem/LeftClick.cs" />
        <File uid="8" fullPath="D:/github/Game3D/Assets/InventoryMaster/Scripts/CraftSystem/RightClick.cs" />
        <File uid="9" fullPath="D:/github/Game3D/Assets/InventoryMaster/Scripts/ExampleScript/PlayerInventory.cs" />
        <File uid="10" fullPath="D:/github/Game3D/Assets/InventoryMaster/Scripts/ExampleScript/RandomChestLootSystem.cs" />
        <File uid="11" fullPath="D:/github/Game3D/Assets/InventoryMaster/Scripts/ExampleScript/RandomLootSystem.cs" />
        <File uid="12" fullPath="D:/github/Game3D/Assets/InventoryMaster/Scripts/ExampleScript/WorkingStation.cs" />
        <File uid="13" fullPath="D:/github/Game3D/Assets/InventoryMaster/Scripts/FirstPerson/FirstPersonController.cs" />
        <File uid="14" fullPath="D:/github/Game3D/Assets/InventoryMaster/Scripts/Hotbar/Hotbar.cs" />
        <File uid="15" fullPath="D:/github/Game3D/Assets/InventoryMaster/Scripts/Inventory/CloseInventory.cs" />
        <File uid="16" fullPath="D:/github/Game3D/Assets/InventoryMaster/Scripts/Inventory/DesignForInventory.cs" />
        <File uid="17" fullPath="D:/github/Game3D/Assets/InventoryMaster/Scripts/Inventory/DragInventory.cs" />
        <File uid="18" fullPath="D:/github/Game3D/Assets/InventoryMaster/Scripts/Inventory/EquipmentSystem.cs" />
        <File uid="19" fullPath="D:/github/Game3D/Assets/InventoryMaster/Scripts/Inventory/InputManager.cs" />
        <File uid="20" fullPath="D:/github/Game3D/Assets/InventoryMaster/Scripts/Inventory/Inventory.cs" />
        <File uid="21" fullPath="D:/github/Game3D/Assets/InventoryMaster/Scripts/Inventory/InventoryDesign.cs" />
        <File uid="22" fullPath="D:/github/Game3D/Assets/InventoryMaster/Scripts/Inventory/StorageInventory.cs" />
        <File uid="23" fullPath="D:/github/Game3D/Assets/InventoryMaster/Scripts/Item/ConsumeItem.cs" />
        <File uid="24" fullPath="D:/github/Game3D/Assets/InventoryMaster/Scripts/Item/CreateAttributeDatabase.cs" />
        <File uid="25" fullPath="D:/github/Game3D/Assets/InventoryMaster/Scripts/Item/CreateInputManager.cs" />
        <File uid="26" fullPath="D:/github/Game3D/Assets/InventoryMaster/Scripts/Item/CreateItemDatabase.cs" />
        <File uid="27" fullPath="D:/github/Game3D/Assets/InventoryMaster/Scripts/Item/DragItem.cs" />
        <File uid="28" fullPath="D:/github/Game3D/Assets/InventoryMaster/Scripts/Item/Item.cs" />
        <File uid="29" fullPath="D:/github/Game3D/Assets/InventoryMaster/Scripts/Item/ItemAttribute.cs" />
        <File uid="30" fullPath="D:/github/Game3D/Assets/InventoryMaster/Scripts/Item/ItemAttributeList.cs" />
        <File uid="31" fullPath="D:/github/Game3D/Assets/InventoryMaster/Scripts/Item/ItemDataBaseList.cs" />
        <File uid="32" fullPath="D:/github/Game3D/Assets/InventoryMaster/Scripts/Item/ItemOnObject.cs" />
        <File uid="33" fullPath="D:/github/Game3D/Assets/InventoryMaster/Scripts/Item/PickUpItem.cs" />
        <File uid="34" fullPath="D:/github/Game3D/Assets/InventoryMaster/Scripts/Item/ShowTooltip.cs" />
        <File uid="35" fullPath="D:/github/Game3D/Assets/InventoryMaster/Scripts/Item/SlotCover.cs" />
        <File uid="36" fullPath="D:/github/Game3D/Assets/InventoryMaster/Scripts/Item/SplitItem.cs" />
        <File uid="37" fullPath="D:/github/Game3D/Assets/InventoryMaster/Scripts/Tooltip/Tooltip.cs" />
        <File uid="38" fullPath="D:/github/Game3D/Assets/Low Poly Guns/Scripts/GunsMenu.cs" />
        <File uid="39" fullPath="D:/github/Game3D/Assets/Low Poly Guns/Scripts/GunView.cs" />
        <File uid="40" fullPath="D:/github/Game3D/Assets/Scenes/Cuong/ATBManager.cs" />
        <File uid="41" fullPath="D:/github/Game3D/Assets/Scenes/Cuong/Bullets.cs" />
        <File uid="42" fullPath="D:/github/Game3D/Assets/Scenes/Cuong/EnemyAi.cs" />
        <File uid="43" fullPath="D:/github/Game3D/Assets/Scenes/Cuong/EnemyAnimationEvent.cs" />
        <File uid="44" fullPath="D:/github/Game3D/Assets/Scenes/Cuong/EnemyAttack.cs" />
        <File uid="45" fullPath="D:/github/Game3D/Assets/Scenes/Cuong/Heath.cs" />
        <File uid="46" fullPath="D:/github/Game3D/Assets/Scenes/Cuong/LaserTurret.cs" />
        <File uid="47" fullPath="D:/github/Game3D/Assets/Scenes/Cuong/minimap.cs" />
        <File uid="48" fullPath="D:/github/Game3D/Assets/Scenes/Cuong/New Folder/ss.cs" />
        <File uid="49" fullPath="D:/github/Game3D/Assets/Scenes/Cuong/TGf.cs" />
        <File uid="50" fullPath="D:/github/Game3D/Assets/Sketchfab For Unity/Scripts/Resizer.cs" />
        <File uid="51" fullPath="D:/github/Game3D/Assets/SUIMONO - WATER SYSTEM 2/SCRIPTS/utility_AdjustCulling.cs" />
        <File uid="52" fullPath="D:/github/Game3D/Assets/SUIMONO - WATER SYSTEM 2/SCRIPTS/utility_ConvertToSurface.cs" />
        <File uid="53" fullPath="D:/github/Game3D/Assets/SUIMONO - WATER SYSTEM 2/SCRIPTS/utility_EventTrigger.cs" />
        <File uid="54" fullPath="D:/github/Game3D/Assets/SUIMONO - WATER SYSTEM 2/SCRIPTS/utility_SaveMesh.cs" />
        <File uid="55" fullPath="D:/github/Game3D/Assets/SUIMONO - WATER SYSTEM 2/_DEMO/GUI/guiFPS.cs" />
        <File uid="56" fullPath="D:/github/Game3D/Assets/SUIMONO - WATER SYSTEM 2/_DEMO/SCRIPTS/sui_demo_animBoat.cs" />
        <File uid="57" fullPath="D:/github/Game3D/Assets/SUIMONO - WATER SYSTEM 2/_DEMO/SCRIPTS/sui_demo_animCharacter.cs" />
        <File uid="58" fullPath="D:/github/Game3D/Assets/SUIMONO - WATER SYSTEM 2/_DEMO/SCRIPTS/sui_demo_ControllerBoat.cs" />
        <File uid="59" fullPath="D:/github/Game3D/Assets/SUIMONO - WATER SYSTEM 2/_DEMO/SCRIPTS/sui_demo_ControllerCharacter.cs" />
        <File uid="60" fullPath="D:/github/Game3D/Assets/SUIMONO - WATER SYSTEM 2/_DEMO/SCRIPTS/sui_demo_ControllerMaster.cs" />
        <File uid="61" fullPath="D:/github/Game3D/Assets/SUIMONO - WATER SYSTEM 2/_DEMO/SCRIPTS/sui_demo_ControllerOrbit.cs" />
        <File uid="62" fullPath="D:/github/Game3D/Assets/SUIMONO - WATER SYSTEM 2/_DEMO/SCRIPTS/sui_demo_InputController.cs" />
        <File uid="63" fullPath="D:/github/Game3D/Assets/SUIMONO - WATER SYSTEM 2/_DEMO/SCRIPTS/sui_demo_LightHandler.cs" />
        <File uid="64" fullPath="D:/github/Game3D/Assets/SUIMONO - WATER SYSTEM 2/_DEMO/SCRIPTS/sui_demo_trigger.cs" />
        <File uid="65" fullPath="D:/github/Game3D/Assets/SUIMONO - WATER SYSTEM 2/_DEMO/SCRIPTS/ui_suimonoFps.cs" />
        <File uid="66" fullPath="D:/github/Game3D/Assets/SUIMONO - WATER SYSTEM 2/_DEMO/SCRIPTS/ui_suimonoHandler.cs" />
        <File uid="67" fullPath="D:/github/Game3D/Assets/TG.cs" />
        <File uid="68" fullPath="D:/github/Game3D/Assets/SUIMONO - WATER SYSTEM 2/SCRIPTS/cameraCausticsHandler.cs" />
        <File uid="69" fullPath="D:/github/Game3D/Assets/SUIMONO - WATER SYSTEM 2/SCRIPTS/cameraTools.cs" />
        <File uid="70" fullPath="D:/github/Game3D/Assets/SUIMONO - WATER SYSTEM 2/SCRIPTS/fx_buoyancy.cs" />
        <File uid="71" fullPath="D:/github/Game3D/Assets/SUIMONO - WATER SYSTEM 2/SCRIPTS/fx_causticModule.cs" />
        <File uid="72" fullPath="D:/github/Game3D/Assets/SUIMONO - WATER SYSTEM 2/SCRIPTS/fx_causticObject.cs" />
        <File uid="73" fullPath="D:/github/Game3D/Assets/SUIMONO - WATER SYSTEM 2/SCRIPTS/fx_EffectObject.cs" />
        <File uid="74" fullPath="D:/github/Game3D/Assets/SUIMONO - WATER SYSTEM 2/SCRIPTS/fx_soundModule.cs" />
        <File uid="75" fullPath="D:/github/Game3D/Assets/SUIMONO - WATER SYSTEM 2/SCRIPTS/Random.cs" />
        <File uid="76" fullPath="D:/github/Game3D/Assets/SUIMONO - WATER SYSTEM 2/SCRIPTS/SuimonoCamera_depth.cs" />
        <File uid="77" fullPath="D:/github/Game3D/Assets/SUIMONO - WATER SYSTEM 2/SCRIPTS/SuimonoDepth.cs" />
        <File uid="78" fullPath="D:/github/Game3D/Assets/SUIMONO - WATER SYSTEM 2/SCRIPTS/SuimonoModule.cs" />
        <File uid="79" fullPath="D:/github/Game3D/Assets/SUIMONO - WATER SYSTEM 2/SCRIPTS/SuimonoModuleFX.cs" />
        <File uid="80" fullPath="D:/github/Game3D/Assets/SUIMONO - WATER SYSTEM 2/SCRIPTS/SuimonoObject.cs" />
        <File uid="81" fullPath="D:/github/Game3D/Assets/SUIMONO - WATER SYSTEM 2/SCRIPTS/Suimono_DistanceBlur.cs" />
        <File uid="82" fullPath="D:/github/Game3D/Assets/SUIMONO - WATER SYSTEM 2/SCRIPTS/Suimono_ShorelineObject.cs" />
        <File uid="83" fullPath="D:/github/Game3D/Assets/SUIMONO - WATER SYSTEM 2/SCRIPTS/Suimono_UnderwaterFog.cs" />
        <File uid="84" fullPath="D:/github/Game3D/Assets/Sketchfab For Unity/Scripts/AssetBrowser/SketchfabBrowserManager.cs" />
        <File uid="85" fullPath="D:/github/Game3D/Assets/Sketchfab For Unity/Scripts/AssetBrowser/SketchfabBrowserWindow.cs" />
        <File uid="86" fullPath="D:/github/Game3D/Assets/Sketchfab For Unity/Scripts/AssetBrowser/SketchfabModelWindow.cs" />
        <File uid="87" fullPath="D:/github/Game3D/Assets/Sketchfab For Unity/Scripts/SketchfabApi.cs" />
        <File uid="88" fullPath="D:/github/Game3D/Assets/Sketchfab For Unity/Scripts/SketchfabExporter.cs" />
        <File uid="89" fullPath="D:/github/Game3D/Assets/Sketchfab For Unity/Scripts/SketchfabImporter.cs" />
        <File uid="90" fullPath="D:/github/Game3D/Assets/Sketchfab For Unity/Scripts/SketchfabImporterWindow.cs" />
        <File uid="91" fullPath="D:/github/Game3D/Assets/Sketchfab For Unity/Scripts/SketchfabLogger.cs" />
        <File uid="92" fullPath="D:/github/Game3D/Assets/Sketchfab For Unity/Scripts/SketchfabPlugin.cs" />
        <File uid="93" fullPath="D:/github/Game3D/Assets/Sketchfab For Unity/Scripts/SketchfabUI.cs" />
        <File uid="94" fullPath="D:/github/Game3D/Assets/Scenes/Cuong/Mirza Beig/Cinematic Explosions FREE/Scripts/CustomImpulse.cs" />
        <File uid="95" fullPath="D:/github/Game3D/Assets/Scenes/Cuong/Mirza Beig/Cinematic Explosions FREE/Scripts/DemoController.cs" />
        <File uid="96" fullPath="D:/github/Game3D/Assets/Scenes/Cuong/Mirza Beig/Cinematic Explosions FREE/Scripts/FPSDisplay.cs" />
        <File uid="97" fullPath="D:/github/Game3D/Assets/Scenes/Cuong/Mirza Beig/Cinematic Explosions FREE/Scripts/FPSTest.cs" />
        <File uid="98" fullPath="D:/github/Game3D/Assets/Invector-3rdPersonController_LITE/3D Models/Others/HealthItem/vAnimateUV.cs" />
        <File uid="99" fullPath="D:/github/Game3D/Assets/DialogueEditor/Example/ExampleInputManager.cs" />
      </Files>
      <Classes>
        <Class>
          <Summary numSequencePoints="2" visitedSequencePoints="2" numBranchPoints="0" visitedBranchPoints="0" sequenceCoverage="100.0" branchCoverage="0.0" maxCyclomaticComplexity="0" minCyclomaticComplexity="0" maxCrapScore="0" minCrapScore="0" visitedClasses="1" numClasses="1" visitedMethods="1" numMethods="1" />
          <FullName>ATBManager</FullName>
          <Methods>
            <Method visited="true" cyclomaticComplexity="0" nPathComplexity="0" sequenceCoverage="100.0" branchCoverage="0" crapScore="0" isConstructor="true" isStatic="false" isGetter="false" isSetter="false">
              <Summary numSequencePoints="2" visitedSequencePoints="2" numBranchPoints="0" visitedBranchPoints="0" sequenceCoverage="100.0" branchCoverage="0" maxCyclomaticComplexity="0" minCyclomaticComplexity="0" maxCrapScore="0" minCrapScore="0" visitedClasses="0" numClasses="0" visitedMethods="1" numMethods="1" />
              <MetadataToken>100663507</MetadataToken>
              <Name>ATBManager::ATBManager()</Name>
              <FileRef uid="40" />
              <SequencePoints>
                <SequencePoint vc="2" uspid="22503" ordinal="0" offset="0" sl="10" sc="5" el="10" ec="5" bec="0" bev="0" fileid="40" />
                <SequencePoint vc="2" uspid="22504" ordinal="0" offset="11" sl="11" sc="5" el="11" ec="5" bec="0" bev="0" fileid="40" />
              </SequencePoints>
              <BranchPoints />
            </Method>
          </Methods>
        </Class>
        <Class>
          <Summary numSequencePoints="2" visitedSequencePoints="2" numBranchPoints="0" visitedBranchPoints="0" sequenceCoverage="100.0" branchCoverage="0.0" maxCyclomaticComplexity="0" minCyclomaticComplexity="0" maxCrapScore="0" minCrapScore="0" visitedClasses="1" numClasses="1" visitedMethods="1" numMethods="1" />
          <FullName>Bullets</FullName>
          <Methods>
            <Method visited="true" cyclomaticComplexity="0" nPathComplexity="0" sequenceCoverage="100.0" branchCoverage="0" crapScore="0" isConstructor="true" isStatic="false" isGetter="false" isSetter="false">
              <Summary numSequencePoints="2" visitedSequencePoints="2" numBranchPoints="0" visitedBranchPoints="0" sequenceCoverage="100.0" branchCoverage="0" maxCyclomaticComplexity="0" minCyclomaticComplexity="0" maxCrapScore="0" minCrapScore="0" visitedClasses="0" numClasses="0" visitedMethods="1" numMethods="1" />
              <MetadataToken>100663509</MetadataToken>
              <Name>Bullets::Bullets()</Name>
              <FileRef uid="41" />
              <SequencePoints>
                <SequencePoint vc="1" uspid="22525" ordinal="0" offset="0" sl="8" sc="5" el="8" ec="5" bec="0" bev="0" fileid="41" />
                <SequencePoint vc="1" uspid="22526" ordinal="0" offset="11" sl="9" sc="5" el="9" ec="5" bec="0" bev="0" fileid="41" />
              </SequencePoints>
              <BranchPoints />
            </Method>
          </Methods>
        </Class>
        <Class>
          <Summary numSequencePoints="11" visitedSequencePoints="11" numBranchPoints="0" visitedBranchPoints="0" sequenceCoverage="100.0" branchCoverage="0.0" maxCyclomaticComplexity="0" minCyclomaticComplexity="0" maxCrapScore="0" minCrapScore="0" visitedClasses="1" numClasses="1" visitedMethods="1" numMethods="1" />
          <FullName>EnemyAi</FullName>
          <Methods>
            <Method visited="true" cyclomaticComplexity="0" nPathComplexity="0" sequenceCoverage="100.0" branchCoverage="0" crapScore="0" isConstructor="true" isStatic="false" isGetter="false" isSetter="false">
              <Summary numSequencePoints="11" visitedSequencePoints="11" numBranchPoints="0" visitedBranchPoints="0" sequenceCoverage="100.0" branchCoverage="0" maxCyclomaticComplexity="0" minCyclomaticComplexity="0" maxCrapScore="0" minCrapScore="0" visitedClasses="0" numClasses="0" visitedMethods="1" numMethods="1" />
              <MetadataToken>100663520</MetadataToken>
              <Name>EnemyAi::EnemyAi()</Name>
              <FileRef uid="42" />
              <SequencePoints>
                <SequencePoint vc="2" uspid="22684" ordinal="0" offset="0" sl="12" sc="5" el="12" ec="5" bec="0" bev="0" fileid="42" />
                <SequencePoint vc="2" uspid="22685" ordinal="0" offset="11" sl="13" sc="5" el="13" ec="5" bec="0" bev="0" fileid="42" />
                <SequencePoint vc="2" uspid="22686" ordinal="0" offset="22" sl="14" sc="5" el="14" ec="5" bec="0" bev="0" fileid="42" />
                <SequencePoint vc="2" uspid="22687" ordinal="0" offset="33" sl="15" sc="5" el="15" ec="5" bec="0" bev="0" fileid="42" />
                <SequencePoint vc="2" uspid="22688" ordinal="0" offset="44" sl="17" sc="5" el="17" ec="5" bec="0" bev="0" fileid="42" />
                <SequencePoint vc="2" uspid="22689" ordinal="0" offset="55" sl="18" sc="5" el="18" ec="5" bec="0" bev="0" fileid="42" />
                <SequencePoint vc="2" uspid="22690" ordinal="0" offset="66" sl="21" sc="5" el="21" ec="5" bec="0" bev="0" fileid="42" />
                <SequencePoint vc="2" uspid="22691" ordinal="0" offset="77" sl="22" sc="5" el="22" ec="5" bec="0" bev="0" fileid="42" />
                <SequencePoint vc="2" uspid="22692" ordinal="0" offset="84" sl="23" sc="5" el="23" ec="5" bec="0" bev="0" fileid="42" />
                <SequencePoint vc="2" uspid="22693" ordinal="0" offset="95" sl="28" sc="5" el="28" ec="5" bec="0" bev="0" fileid="42" />
                <SequencePoint vc="2" uspid="22694" ordinal="0" offset="106" sl="38" sc="5" el="38" ec="5" bec="0" bev="0" fileid="42" />
              </SequencePoints>
              <BranchPoints />
            </Method>
          </Methods>
        </Class>
        <Class>
          <Summary numSequencePoints="2" visitedSequencePoints="2" numBranchPoints="0" visitedBranchPoints="0" sequenceCoverage="100.0" branchCoverage="0.0" maxCyclomaticComplexity="0" minCyclomaticComplexity="0" maxCrapScore="0" minCrapScore="0" visitedClasses="1" numClasses="1" visitedMethods="1" numMethods="1" />
          <FullName>EnemyAttack</FullName>
          <Methods>
            <Method visited="true" cyclomaticComplexity="0" nPathComplexity="0" sequenceCoverage="100.0" branchCoverage="0" crapScore="0" isConstructor="true" isStatic="false" isGetter="false" isSetter="false">
              <Summary numSequencePoints="2" visitedSequencePoints="2" numBranchPoints="0" visitedBranchPoints="0" sequenceCoverage="100.0" branchCoverage="0" maxCyclomaticComplexity="0" minCyclomaticComplexity="0" maxCrapScore="0" minCrapScore="0" visitedClasses="0" numClasses="0" visitedMethods="1" numMethods="1" />
              <MetadataToken>100663526</MetadataToken>
              <Name>EnemyAttack::EnemyAttack()</Name>
              <FileRef uid="44" />
              <SequencePoints>
                <SequencePoint vc="2" uspid="22726" ordinal="0" offset="0" sl="7" sc="5" el="7" ec="5" bec="0" bev="0" fileid="44" />
                <SequencePoint vc="2" uspid="22727" ordinal="0" offset="8" sl="8" sc="5" el="8" ec="5" bec="0" bev="0" fileid="44" />
              </SequencePoints>
              <BranchPoints />
            </Method>
          </Methods>
        </Class>
        <Class>
          <Summary numSequencePoints="2" visitedSequencePoints="2" numBranchPoints="0" visitedBranchPoints="0" sequenceCoverage="100.0" branchCoverage="0.0" maxCyclomaticComplexity="0" minCyclomaticComplexity="0" maxCrapScore="0" minCrapScore="0" visitedClasses="1" numClasses="1" visitedMethods="1" numMethods="1" />
          <FullName>LaserTurret</FullName>
          <Methods>
            <Method visited="true" cyclomaticComplexity="0" nPathComplexity="0" sequenceCoverage="100.0" branchCoverage="0" crapScore="0" isConstructor="true" isStatic="false" isGetter="false" isSetter="false">
              <Summary numSequencePoints="2" visitedSequencePoints="2" numBranchPoints="0" visitedBranchPoints="0" sequenceCoverage="100.0" branchCoverage="0" maxCyclomaticComplexity="0" minCyclomaticComplexity="0" maxCrapScore="0" minCrapScore="0" visitedClasses="0" numClasses="0" visitedMethods="1" numMethods="1" />
              <MetadataToken>100663535</MetadataToken>
              <Name>LaserTurret::LaserTurret()</Name>
              <FileRef uid="46" />
              <SequencePoints>
                <SequencePoint vc="2" uspid="22802" ordinal="0" offset="0" sl="12" sc="5" el="12" ec="5" bec="0" bev="0" fileid="46" />
                <SequencePoint vc="2" uspid="22803" ordinal="0" offset="11" sl="13" sc="5" el="13" ec="5" bec="0" bev="0" fileid="46" />
              </SequencePoints>
              <BranchPoints />
            </Method>
          </Methods>
        </Class>
        <Class>
          <Summary numSequencePoints="3" visitedSequencePoints="3" numBranchPoints="0" visitedBranchPoints="0" sequenceCoverage="100.0" branchCoverage="0.0" maxCyclomaticComplexity="0" minCyclomaticComplexity="0" maxCrapScore="0" minCrapScore="0" visitedClasses="1" numClasses="1" visitedMethods="1" numMethods="1" />
          <FullName>TGf</FullName>
          <Methods>
            <Method visited="true" cyclomaticComplexity="0" nPathComplexity="0" sequenceCoverage="100.0" branchCoverage="0" crapScore="0" isConstructor="true" isStatic="false" isGetter="false" isSetter="false">
              <Summary numSequencePoints="3" visitedSequencePoints="3" numBranchPoints="0" visitedBranchPoints="0" sequenceCoverage="100.0" branchCoverage="0" maxCyclomaticComplexity="0" minCyclomaticComplexity="0" maxCrapScore="0" minCrapScore="0" visitedClasses="0" numClasses="0" visitedMethods="1" numMethods="1" />
              <MetadataToken>100663546</MetadataToken>
              <Name>TGf::TGf()</Name>
              <FileRef uid="49" />
              <SequencePoints>
                <SequencePoint vc="2" uspid="22845" ordinal="0" offset="0" sl="10" sc="5" el="10" ec="5" bec="0" bev="0" fileid="49" />
                <SequencePoint vc="2" uspid="22846" ordinal="0" offset="11" sl="11" sc="5" el="11" ec="5" bec="0" bev="0" fileid="49" />
                <SequencePoint vc="2" uspid="22847" ordinal="0" offset="22" sl="15" sc="5" el="15" ec="5" bec="0" bev="0" fileid="49" />
              </SequencePoints>
              <BranchPoints />
            </Method>
          </Methods>
        </Class>
        <Class>
          <Summary numSequencePoints="58" visitedSequencePoints="39" numBranchPoints="0" visitedBranchPoints="0" sequenceCoverage="67.24" branchCoverage="0.0" maxCyclomaticComplexity="0" minCyclomaticComplexity="0" maxCrapScore="0" minCrapScore="0" visitedClasses="1" numClasses="1" visitedMethods="5" numMethods="5" />
          <FullName>Suimono.Core.cameraCausticsHandler</FullName>
          <Methods>
            <Method visited="true" cyclomaticComplexity="0" nPathComplexity="0" sequenceCoverage="100.0" branchCoverage="0" crapScore="0" isConstructor="false" isStatic="false" isGetter="false" isSetter="false">
              <Summary numSequencePoints="7" visitedSequencePoints="7" numBranchPoints="0" visitedBranchPoints="0" sequenceCoverage="100.0" branchCoverage="0" maxCyclomaticComplexity="0" minCyclomaticComplexity="0" maxCrapScore="0" minCrapScore="0" visitedClasses="0" numClasses="0" visitedMethods="1" numMethods="1" />
              <MetadataToken>100663619</MetadataToken>
              <Name>System.Void Suimono.Core.cameraCausticsHandler::Start()</Name>
              <FileRef uid="68" />
              <SequencePoints>
                <SequencePoint vc="1" uspid="24795" ordinal="0" offset="0" sl="26" sc="17" el="26" ec="17" bec="0" bev="0" fileid="68" />
                <SequencePoint vc="1" uspid="24796" ordinal="0" offset="1" sl="28" sc="4" el="28" ec="4" bec="0" bev="0" fileid="68" />
                <SequencePoint vc="1" uspid="24797" ordinal="0" offset="27" sl="31" sc="4" el="31" ec="4" bec="0" bev="0" fileid="68" />
                <SequencePoint vc="1" uspid="24798" ordinal="0" offset="43" sl="31" sc="29" el="31" ec="29" bec="0" bev="0" fileid="68" />
                <SequencePoint vc="1" uspid="24799" ordinal="0" offset="44" sl="32" sc="5" el="32" ec="5" bec="0" bev="0" fileid="68" />
                <SequencePoint vc="1" uspid="24800" ordinal="0" offset="66" sl="33" sc="4" el="33" ec="4" bec="0" bev="0" fileid="68" />
                <SequencePoint vc="1" uspid="24801" ordinal="0" offset="67" sl="34" sc="3" el="34" ec="3" bec="0" bev="0" fileid="68" />
              </SequencePoints>
              <BranchPoints />
            </Method>
            <Method visited="true" cyclomaticComplexity="0" nPathComplexity="0" sequenceCoverage="75.00" branchCoverage="0" crapScore="0" isConstructor="false" isStatic="false" isGetter="false" isSetter="false">
              <Summary numSequencePoints="4" visitedSequencePoints="3" numBranchPoints="0" visitedBranchPoints="0" sequenceCoverage="75.00" branchCoverage="0" maxCyclomaticComplexity="0" minCyclomaticComplexity="0" maxCrapScore="0" minCrapScore="0" visitedClasses="0" numClasses="0" visitedMethods="1" numMethods="1" />
              <MetadataToken>100663620</MetadataToken>
              <Name>System.Void Suimono.Core.cameraCausticsHandler::LateUpdate()</Name>
              <FileRef uid="68" />
              <SequencePoints>
                <SequencePoint vc="43" uspid="24802" ordinal="0" offset="0" sl="38" sc="22" el="38" ec="22" bec="0" bev="0" fileid="68" />
                <SequencePoint vc="43" uspid="24803" ordinal="0" offset="1" sl="40" sc="4" el="40" ec="4" bec="0" bev="0" fileid="68" />
                <SequencePoint vc="0" uspid="24804" ordinal="0" offset="13" sl="40" sc="32" el="40" ec="32" bec="0" bev="0" fileid="68" />
                <SequencePoint vc="43" uspid="24805" ordinal="0" offset="26" sl="41" sc="3" el="41" ec="3" bec="0" bev="0" fileid="68" />
              </SequencePoints>
              <BranchPoints />
            </Method>
            <Method visited="true" cyclomaticComplexity="0" nPathComplexity="0" sequenceCoverage="54.84" branchCoverage="0" crapScore="0" isConstructor="false" isStatic="false" isGetter="false" isSetter="false">
              <Summary numSequencePoints="31" visitedSequencePoints="17" numBranchPoints="0" visitedBranchPoints="0" sequenceCoverage="54.84" branchCoverage="0" maxCyclomaticComplexity="0" minCyclomaticComplexity="0" maxCrapScore="0" minCrapScore="0" visitedClasses="0" numClasses="0" visitedMethods="1" numMethods="1" />
              <MetadataToken>100663621</MetadataToken>
              <Name>System.Void Suimono.Core.cameraCausticsHandler::OnPreCull()</Name>
              <FileRef uid="68" />
              <SequencePoints>
                <SequencePoint vc="43" uspid="24806" ordinal="0" offset="0" sl="45" sc="20" el="45" ec="20" bec="0" bev="0" fileid="68" />
                <SequencePoint vc="43" uspid="24807" ordinal="0" offset="1" sl="46" sc="4" el="46" ec="4" bec="0" bev="0" fileid="68" />
                <SequencePoint vc="43" uspid="24808" ordinal="0" offset="20" sl="46" sc="29" el="46" ec="29" bec="0" bev="0" fileid="68" />
                <SequencePoint vc="43" uspid="24809" ordinal="0" offset="21" sl="49" sc="5" el="49" ec="5" bec="0" bev="0" fileid="68" />
                <SequencePoint vc="43" uspid="24810" ordinal="0" offset="37" sl="49" sc="30" el="49" ec="30" bec="0" bev="0" fileid="68" />
                <SequencePoint vc="43" uspid="24811" ordinal="0" offset="38" sl="50" sc="6" el="50" ec="6" bec="0" bev="0" fileid="68" />
                <SequencePoint vc="43" uspid="24812" ordinal="0" offset="55" sl="52" sc="6" el="52" ec="6" bec="0" bev="0" fileid="68" />
                <SequencePoint vc="0" uspid="24813" ordinal="0" offset="76" sl="52" sc="40" el="52" ec="40" bec="0" bev="0" fileid="68" />
                <SequencePoint vc="0" uspid="24814" ordinal="0" offset="77" sl="53" sc="7" el="53" ec="7" bec="0" bev="0" fileid="68" />
                <SequencePoint vc="0" uspid="24815" ordinal="0" offset="126" sl="53" sc="90" el="53" ec="90" bec="0" bev="0" fileid="68" />
                <SequencePoint vc="0" uspid="24816" ordinal="0" offset="127" sl="54" sc="8" el="54" ec="8" bec="0" bev="0" fileid="68" />
                <SequencePoint vc="0" uspid="24817" ordinal="0" offset="134" sl="55" sc="7" el="55" ec="7" bec="0" bev="0" fileid="68" />
                <SequencePoint vc="0" uspid="24818" ordinal="0" offset="135" sl="56" sc="6" el="56" ec="6" bec="0" bev="0" fileid="68" />
                <SequencePoint vc="43" uspid="24819" ordinal="0" offset="136" sl="58" sc="5" el="58" ec="5" bec="0" bev="0" fileid="68" />
                <SequencePoint vc="43" uspid="24820" ordinal="0" offset="137" sl="61" sc="5" el="61" ec="5" bec="0" bev="0" fileid="68" />
                <SequencePoint vc="0" uspid="24821" ordinal="0" offset="152" sl="61" sc="51" el="61" ec="51" bec="0" bev="0" fileid="68" />
                <SequencePoint vc="0" uspid="24822" ordinal="0" offset="153" sl="62" sc="6" el="62" ec="6" bec="0" bev="0" fileid="68" />
                <SequencePoint vc="0" uspid="24823" ordinal="0" offset="166" sl="63" sc="5" el="63" ec="5" bec="0" bev="0" fileid="68" />
                <SequencePoint vc="43" uspid="24824" ordinal="0" offset="169" sl="63" sc="12" el="63" ec="12" bec="0" bev="0" fileid="68" />
                <SequencePoint vc="43" uspid="24825" ordinal="0" offset="184" sl="63" sc="58" el="63" ec="58" bec="0" bev="0" fileid="68" />
                <SequencePoint vc="43" uspid="24826" ordinal="0" offset="185" sl="64" sc="6" el="64" ec="6" bec="0" bev="0" fileid="68" />
                <SequencePoint vc="43" uspid="24827" ordinal="0" offset="203" sl="66" sc="5" el="66" ec="5" bec="0" bev="0" fileid="68" />
                <SequencePoint vc="0" uspid="24828" ordinal="0" offset="206" sl="66" sc="12" el="66" ec="12" bec="0" bev="0" fileid="68" />
                <SequencePoint vc="0" uspid="24829" ordinal="0" offset="207" sl="67" sc="6" el="67" ec="6" bec="0" bev="0" fileid="68" />
                <SequencePoint vc="0" uspid="24830" ordinal="0" offset="220" sl="68" sc="5" el="68" ec="5" bec="0" bev="0" fileid="68" />
                <SequencePoint vc="43" uspid="24831" ordinal="0" offset="221" sl="70" sc="5" el="70" ec="5" bec="0" bev="0" fileid="68" />
                <SequencePoint vc="0" uspid="24832" ordinal="0" offset="233" sl="70" sc="23" el="70" ec="23" bec="0" bev="0" fileid="68" />
                <SequencePoint vc="43" uspid="24833" ordinal="0" offset="246" sl="71" sc="5" el="71" ec="5" bec="0" bev="0" fileid="68" />
                <SequencePoint vc="0" uspid="24834" ordinal="0" offset="260" sl="71" sc="33" el="71" ec="33" bec="0" bev="0" fileid="68" />
                <SequencePoint vc="43" uspid="24835" ordinal="0" offset="273" sl="72" sc="4" el="72" ec="4" bec="0" bev="0" fileid="68" />
                <SequencePoint vc="43" uspid="24836" ordinal="0" offset="274" sl="73" sc="3" el="73" ec="3" bec="0" bev="0" fileid="68" />
              </SequencePoints>
              <BranchPoints />
            </Method>
            <Method visited="true" cyclomaticComplexity="0" nPathComplexity="0" sequenceCoverage="71.43" branchCoverage="0" crapScore="0" isConstructor="false" isStatic="false" isGetter="false" isSetter="false">
              <Summary numSequencePoints="14" visitedSequencePoints="10" numBranchPoints="0" visitedBranchPoints="0" sequenceCoverage="71.43" branchCoverage="0" maxCyclomaticComplexity="0" minCyclomaticComplexity="0" maxCrapScore="0" minCrapScore="0" visitedClasses="0" numClasses="0" visitedMethods="1" numMethods="1" />
              <MetadataToken>100663622</MetadataToken>
              <Name>System.Void Suimono.Core.cameraCausticsHandler::OnPostRender()</Name>
              <FileRef uid="68" />
              <SequencePoints>
                <SequencePoint vc="43" uspid="24837" ordinal="0" offset="0" sl="76" sc="23" el="76" ec="23" bec="0" bev="0" fileid="68" />
                <SequencePoint vc="43" uspid="24838" ordinal="0" offset="1" sl="77" sc="4" el="77" ec="4" bec="0" bev="0" fileid="68" />
                <SequencePoint vc="43" uspid="24839" ordinal="0" offset="17" sl="77" sc="29" el="77" ec="29" bec="0" bev="0" fileid="68" />
                <SequencePoint vc="43" uspid="24840" ordinal="0" offset="18" sl="79" sc="5" el="79" ec="5" bec="0" bev="0" fileid="68" />
                <SequencePoint vc="0" uspid="24841" ordinal="0" offset="28" sl="79" sc="22" el="79" ec="22" bec="0" bev="0" fileid="68" />
                <SequencePoint vc="0" uspid="24842" ordinal="0" offset="29" sl="80" sc="6" el="80" ec="6" bec="0" bev="0" fileid="68" />
                <SequencePoint vc="0" uspid="24843" ordinal="0" offset="42" sl="81" sc="5" el="81" ec="5" bec="0" bev="0" fileid="68" />
                <SequencePoint vc="43" uspid="24844" ordinal="0" offset="45" sl="81" sc="12" el="81" ec="12" bec="0" bev="0" fileid="68" />
                <SequencePoint vc="43" uspid="24845" ordinal="0" offset="46" sl="82" sc="6" el="82" ec="6" bec="0" bev="0" fileid="68" />
                <SequencePoint vc="43" uspid="24846" ordinal="0" offset="59" sl="83" sc="5" el="83" ec="5" bec="0" bev="0" fileid="68" />
                <SequencePoint vc="43" uspid="24847" ordinal="0" offset="60" sl="85" sc="5" el="85" ec="5" bec="0" bev="0" fileid="68" />
                <SequencePoint vc="0" uspid="24848" ordinal="0" offset="72" sl="85" sc="33" el="85" ec="33" bec="0" bev="0" fileid="68" />
                <SequencePoint vc="43" uspid="24849" ordinal="0" offset="85" sl="86" sc="4" el="86" ec="4" bec="0" bev="0" fileid="68" />
                <SequencePoint vc="43" uspid="24850" ordinal="0" offset="86" sl="87" sc="3" el="87" ec="3" bec="0" bev="0" fileid="68" />
              </SequencePoints>
              <BranchPoints />
            </Method>
            <Method visited="true" cyclomaticComplexity="0" nPathComplexity="0" sequenceCoverage="100.0" branchCoverage="0" crapScore="0" isConstructor="true" isStatic="false" isGetter="false" isSetter="false">
              <Summary numSequencePoints="2" visitedSequencePoints="2" numBranchPoints="0" visitedBranchPoints="0" sequenceCoverage="100.0" branchCoverage="0" maxCyclomaticComplexity="0" minCyclomaticComplexity="0" maxCrapScore="0" minCrapScore="0" visitedClasses="0" numClasses="0" visitedMethods="1" numMethods="1" />
              <MetadataToken>100663623</MetadataToken>
              <Name>Suimono.Core.cameraCausticsHandler::cameraCausticsHandler()</Name>
              <FileRef uid="68" />
              <SequencePoints>
                <SequencePoint vc="4" uspid="24851" ordinal="0" offset="0" sl="17" sc="3" el="17" ec="3" bec="0" bev="0" fileid="68" />
                <SequencePoint vc="4" uspid="24852" ordinal="0" offset="7" sl="21" sc="3" el="21" ec="3" bec="0" bev="0" fileid="68" />
              </SequencePoints>
              <BranchPoints />
            </Method>
          </Methods>
        </Class>
        <Class>
          <Summary numSequencePoints="421" visitedSequencePoints="319" numBranchPoints="0" visitedBranchPoints="0" sequenceCoverage="75.77" branchCoverage="0.0" maxCyclomaticComplexity="0" minCyclomaticComplexity="0" maxCrapScore="0" minCrapScore="0" visitedClasses="1" numClasses="1" visitedMethods="16" numMethods="16" />
          <FullName>Suimono.Core.cameraTools</FullName>
          <Methods>
            <Method visited="true" cyclomaticComplexity="0" nPathComplexity="0" sequenceCoverage="100.0" branchCoverage="0" crapScore="0" isConstructor="false" isStatic="false" isGetter="false" isSetter="false">
              <Summary numSequencePoints="19" visitedSequencePoints="19" numBranchPoints="0" visitedBranchPoints="0" sequenceCoverage="100.0" branchCoverage="0" maxCyclomaticComplexity="0" minCyclomaticComplexity="0" maxCrapScore="0" minCrapScore="0" visitedClasses="0" numClasses="0" visitedMethods="1" numMethods="1" />
              <MetadataToken>100663624</MetadataToken>
              <Name>System.Void Suimono.Core.cameraTools::Start()</Name>
              <FileRef uid="69" />
              <SequencePoints>
                <SequencePoint vc="6" uspid="24853" ordinal="0" offset="0" sl="99" sc="17" el="99" ec="17" bec="0" bev="0" fileid="69" />
                <SequencePoint vc="6" uspid="24854" ordinal="0" offset="1" sl="102" sc="4" el="102" ec="4" bec="0" bev="0" fileid="69" />
                <SequencePoint vc="6" uspid="24855" ordinal="0" offset="27" sl="105" sc="4" el="105" ec="4" bec="0" bev="0" fileid="69" />
                <SequencePoint vc="5" uspid="24856" ordinal="0" offset="43" sl="105" sc="53" el="105" ec="53" bec="0" bev="0" fileid="69" />
                <SequencePoint vc="5" uspid="24857" ordinal="0" offset="44" sl="106" sc="5" el="106" ec="5" bec="0" bev="0" fileid="69" />
                <SequencePoint vc="5" uspid="24858" ordinal="0" offset="65" sl="106" sc="35" el="106" ec="35" bec="0" bev="0" fileid="69" />
                <SequencePoint vc="5" uspid="24859" ordinal="0" offset="92" sl="107" sc="4" el="107" ec="4" bec="0" bev="0" fileid="69" />
                <SequencePoint vc="1" uspid="24860" ordinal="0" offset="95" sl="107" sc="11" el="107" ec="11" bec="0" bev="0" fileid="69" />
                <SequencePoint vc="1" uspid="24861" ordinal="0" offset="96" sl="108" sc="5" el="108" ec="5" bec="0" bev="0" fileid="69" />
                <SequencePoint vc="1" uspid="24862" ordinal="0" offset="117" sl="108" sc="34" el="108" ec="34" bec="0" bev="0" fileid="69" />
                <SequencePoint vc="1" uspid="24863" ordinal="0" offset="118" sl="109" sc="6" el="109" ec="6" bec="0" bev="0" fileid="69" />
                <SequencePoint vc="1" uspid="24864" ordinal="0" offset="155" sl="110" sc="6" el="110" ec="6" bec="0" bev="0" fileid="69" />
                <SequencePoint vc="1" uspid="24865" ordinal="0" offset="192" sl="111" sc="5" el="111" ec="5" bec="0" bev="0" fileid="69" />
                <SequencePoint vc="1" uspid="24866" ordinal="0" offset="193" sl="112" sc="4" el="112" ec="4" bec="0" bev="0" fileid="69" />
                <SequencePoint vc="6" uspid="24867" ordinal="0" offset="194" sl="114" sc="4" el="114" ec="4" bec="0" bev="0" fileid="69" />
                <SequencePoint vc="6" uspid="24868" ordinal="0" offset="211" sl="115" sc="4" el="115" ec="4" bec="0" bev="0" fileid="69" />
                <SequencePoint vc="6" uspid="24869" ordinal="0" offset="218" sl="120" sc="4" el="120" ec="4" bec="0" bev="0" fileid="69" />
                <SequencePoint vc="6" uspid="24870" ordinal="0" offset="225" sl="121" sc="4" el="121" ec="4" bec="0" bev="0" fileid="69" />
                <SequencePoint vc="6" uspid="24871" ordinal="0" offset="232" sl="122" sc="3" el="122" ec="3" bec="0" bev="0" fileid="69" />
              </SequencePoints>
              <BranchPoints />
            </Method>
            <Method visited="true" cyclomaticComplexity="0" nPathComplexity="0" sequenceCoverage="100.0" branchCoverage="0" crapScore="0" isConstructor="false" isStatic="false" isGetter="false" isSetter="false">
              <Summary numSequencePoints="6" visitedSequencePoints="6" numBranchPoints="0" visitedBranchPoints="0" sequenceCoverage="100.0" branchCoverage="0" maxCyclomaticComplexity="0" minCyclomaticComplexity="0" maxCrapScore="0" minCrapScore="0" visitedClasses="0" numClasses="0" visitedMethods="1" numMethods="1" />
              <MetadataToken>100663625</MetadataToken>
              <Name>System.Void Suimono.Core.cameraTools::OnPreRender()</Name>
              <FileRef uid="69" />
              <SequencePoints>
                <SequencePoint vc="258" uspid="24872" ordinal="0" offset="0" sl="127" sc="21" el="127" ec="21" bec="0" bev="0" fileid="69" />
                <SequencePoint vc="258" uspid="24873" ordinal="0" offset="1" sl="128" sc="4" el="128" ec="4" bec="0" bev="0" fileid="69" />
                <SequencePoint vc="43" uspid="24874" ordinal="0" offset="24" sl="128" sc="78" el="128" ec="78" bec="0" bev="0" fileid="69" />
                <SequencePoint vc="43" uspid="24875" ordinal="0" offset="25" sl="129" sc="5" el="129" ec="5" bec="0" bev="0" fileid="69" />
                <SequencePoint vc="43" uspid="24876" ordinal="0" offset="32" sl="130" sc="4" el="130" ec="4" bec="0" bev="0" fileid="69" />
                <SequencePoint vc="258" uspid="24877" ordinal="0" offset="33" sl="131" sc="3" el="131" ec="3" bec="0" bev="0" fileid="69" />
              </SequencePoints>
              <BranchPoints />
            </Method>
            <Method visited="true" cyclomaticComplexity="0" nPathComplexity="0" sequenceCoverage="100.0" branchCoverage="0" crapScore="0" isConstructor="false" isStatic="false" isGetter="false" isSetter="false">
              <Summary numSequencePoints="6" visitedSequencePoints="6" numBranchPoints="0" visitedBranchPoints="0" sequenceCoverage="100.0" branchCoverage="0" maxCyclomaticComplexity="0" minCyclomaticComplexity="0" maxCrapScore="0" minCrapScore="0" visitedClasses="0" numClasses="0" visitedMethods="1" numMethods="1" />
              <MetadataToken>100663626</MetadataToken>
              <Name>System.Void Suimono.Core.cameraTools::OnPostRender()</Name>
              <FileRef uid="69" />
              <SequencePoints>
                <SequencePoint vc="258" uspid="24878" ordinal="0" offset="0" sl="133" sc="22" el="133" ec="22" bec="0" bev="0" fileid="69" />
                <SequencePoint vc="258" uspid="24879" ordinal="0" offset="1" sl="134" sc="4" el="134" ec="4" bec="0" bev="0" fileid="69" />
                <SequencePoint vc="258" uspid="24880" ordinal="0" offset="10" sl="134" sc="30" el="134" ec="30" bec="0" bev="0" fileid="69" />
                <SequencePoint vc="258" uspid="24881" ordinal="0" offset="11" sl="135" sc="5" el="135" ec="5" bec="0" bev="0" fileid="69" />
                <SequencePoint vc="258" uspid="24882" ordinal="0" offset="18" sl="136" sc="4" el="136" ec="4" bec="0" bev="0" fileid="69" />
                <SequencePoint vc="258" uspid="24883" ordinal="0" offset="19" sl="137" sc="3" el="137" ec="3" bec="0" bev="0" fileid="69" />
              </SequencePoints>
              <BranchPoints />
            </Method>
            <Method visited="true" cyclomaticComplexity="0" nPathComplexity="0" sequenceCoverage="91.89" branchCoverage="0" crapScore="0" isConstructor="false" isStatic="false" isGetter="false" isSetter="false">
              <Summary numSequencePoints="37" visitedSequencePoints="34" numBranchPoints="0" visitedBranchPoints="0" sequenceCoverage="91.89" branchCoverage="0" maxCyclomaticComplexity="0" minCyclomaticComplexity="0" maxCrapScore="0" minCrapScore="0" visitedClasses="0" numClasses="0" visitedMethods="1" numMethods="1" />
              <MetadataToken>100663627</MetadataToken>
              <Name>System.Void Suimono.Core.cameraTools::Update()</Name>
              <FileRef uid="69" />
              <SequencePoints>
                <SequencePoint vc="258" uspid="24884" ordinal="0" offset="0" sl="139" sc="16" el="139" ec="16" bec="0" bev="0" fileid="69" />
                <SequencePoint vc="258" uspid="24885" ordinal="0" offset="1" sl="142" sc="4" el="142" ec="4" bec="0" bev="0" fileid="69" />
                <SequencePoint vc="0" uspid="24886" ordinal="0" offset="21" sl="142" sc="52" el="142" ec="52" bec="0" bev="0" fileid="69" />
                <SequencePoint vc="0" uspid="24887" ordinal="0" offset="22" sl="143" sc="5" el="143" ec="5" bec="0" bev="0" fileid="69" />
                <SequencePoint vc="0" uspid="24888" ordinal="0" offset="29" sl="144" sc="4" el="144" ec="4" bec="0" bev="0" fileid="69" />
                <SequencePoint vc="258" uspid="24889" ordinal="0" offset="30" sl="147" sc="4" el="147" ec="4" bec="0" bev="0" fileid="69" />
                <SequencePoint vc="258" uspid="24890" ordinal="0" offset="46" sl="147" sc="20" el="147" ec="20" bec="0" bev="0" fileid="69" />
                <SequencePoint vc="258" uspid="24891" ordinal="0" offset="47" sl="148" sc="5" el="148" ec="5" bec="0" bev="0" fileid="69" />
                <SequencePoint vc="43" uspid="24892" ordinal="0" offset="63" sl="148" sc="55" el="148" ec="55" bec="0" bev="0" fileid="69" />
                <SequencePoint vc="43" uspid="24893" ordinal="0" offset="64" sl="149" sc="6" el="149" ec="6" bec="0" bev="0" fileid="69" />
                <SequencePoint vc="43" uspid="24894" ordinal="0" offset="92" sl="150" sc="5" el="150" ec="5" bec="0" bev="0" fileid="69" />
                <SequencePoint vc="258" uspid="24895" ordinal="0" offset="93" sl="151" sc="4" el="151" ec="4" bec="0" bev="0" fileid="69" />
                <SequencePoint vc="258" uspid="24896" ordinal="0" offset="94" sl="155" sc="13" el="155" ec="13" bec="0" bev="0" fileid="69" />
                <SequencePoint vc="258" uspid="24897" ordinal="0" offset="96" sl="156" sc="10" el="156" ec="10" bec="0" bev="0" fileid="69" />
                <SequencePoint vc="258" uspid="24898" ordinal="0" offset="98" sl="158" sc="13" el="158" ec="13" bec="0" bev="0" fileid="69" />
                <SequencePoint vc="258" uspid="24899" ordinal="0" offset="119" sl="158" sc="62" el="158" ec="62" bec="0" bev="0" fileid="69" />
                <SequencePoint vc="258" uspid="24900" ordinal="0" offset="120" sl="159" sc="14" el="159" ec="14" bec="0" bev="0" fileid="69" />
                <SequencePoint vc="44" uspid="24901" ordinal="0" offset="154" sl="159" sc="49" el="159" ec="49" bec="0" bev="0" fileid="69" />
                <SequencePoint vc="258" uspid="24902" ordinal="0" offset="158" sl="160" sc="14" el="160" ec="14" bec="0" bev="0" fileid="69" />
                <SequencePoint vc="30" uspid="24903" ordinal="0" offset="192" sl="160" sc="49" el="160" ec="49" bec="0" bev="0" fileid="69" />
                <SequencePoint vc="258" uspid="24904" ordinal="0" offset="196" sl="161" sc="14" el="161" ec="14" bec="0" bev="0" fileid="69" />
                <SequencePoint vc="49" uspid="24905" ordinal="0" offset="230" sl="161" sc="49" el="161" ec="49" bec="0" bev="0" fileid="69" />
                <SequencePoint vc="258" uspid="24906" ordinal="0" offset="234" sl="163" sc="14" el="163" ec="14" bec="0" bev="0" fileid="69" />
                <SequencePoint vc="49" uspid="24907" ordinal="0" offset="244" sl="163" sc="35" el="163" ec="35" bec="0" bev="0" fileid="69" />
                <SequencePoint vc="258" uspid="24908" ordinal="0" offset="246" sl="165" sc="14" el="165" ec="14" bec="0" bev="0" fileid="69" />
                <SequencePoint vc="49" uspid="24909" ordinal="0" offset="256" sl="165" sc="31" el="165" ec="31" bec="0" bev="0" fileid="69" />
                <SequencePoint vc="49" uspid="24910" ordinal="0" offset="257" sl="166" sc="15" el="166" ec="15" bec="0" bev="0" fileid="69" />
                <SequencePoint vc="49" uspid="24911" ordinal="0" offset="275" sl="167" sc="15" el="167" ec="15" bec="0" bev="0" fileid="69" />
                <SequencePoint vc="44" uspid="24912" ordinal="0" offset="309" sl="167" sc="50" el="167" ec="50" bec="0" bev="0" fileid="69" />
                <SequencePoint vc="49" uspid="24913" ordinal="0" offset="321" sl="168" sc="15" el="168" ec="15" bec="0" bev="0" fileid="69" />
                <SequencePoint vc="30" uspid="24914" ordinal="0" offset="355" sl="168" sc="50" el="168" ec="50" bec="0" bev="0" fileid="69" />
                <SequencePoint vc="49" uspid="24915" ordinal="0" offset="367" sl="169" sc="15" el="169" ec="15" bec="0" bev="0" fileid="69" />
                <SequencePoint vc="49" uspid="24916" ordinal="0" offset="401" sl="169" sc="50" el="169" ec="50" bec="0" bev="0" fileid="69" />
                <SequencePoint vc="49" uspid="24917" ordinal="0" offset="413" sl="170" sc="15" el="170" ec="15" bec="0" bev="0" fileid="69" />
                <SequencePoint vc="49" uspid="24918" ordinal="0" offset="432" sl="171" sc="14" el="171" ec="14" bec="0" bev="0" fileid="69" />
                <SequencePoint vc="258" uspid="24919" ordinal="0" offset="433" sl="172" sc="10" el="172" ec="10" bec="0" bev="0" fileid="69" />
                <SequencePoint vc="258" uspid="24920" ordinal="0" offset="434" sl="173" sc="3" el="173" ec="3" bec="0" bev="0" fileid="69" />
              </SequencePoints>
              <BranchPoints />
            </Method>
            <Method visited="true" cyclomaticComplexity="0" nPathComplexity="0" sequenceCoverage="56.25" branchCoverage="0" crapScore="0" isConstructor="false" isStatic="false" isGetter="false" isSetter="false">
              <Summary numSequencePoints="16" visitedSequencePoints="9" numBranchPoints="0" visitedBranchPoints="0" sequenceCoverage="56.25" branchCoverage="0" maxCyclomaticComplexity="0" minCyclomaticComplexity="0" maxCrapScore="0" minCrapScore="0" visitedClasses="0" numClasses="0" visitedMethods="1" numMethods="1" />
              <MetadataToken>100663628</MetadataToken>
              <Name>System.Void Suimono.Core.cameraTools::LateUpdate()</Name>
              <FileRef uid="69" />
              <SequencePoints>
                <SequencePoint vc="258" uspid="24921" ordinal="0" offset="0" sl="176" sc="20" el="176" ec="20" bec="0" bev="0" fileid="69" />
                <SequencePoint vc="258" uspid="24922" ordinal="0" offset="1" sl="177" sc="4" el="177" ec="4" bec="0" bev="0" fileid="69" />
                <SequencePoint vc="258" uspid="24923" ordinal="0" offset="10" sl="177" sc="30" el="177" ec="30" bec="0" bev="0" fileid="69" />
                <SequencePoint vc="258" uspid="24924" ordinal="0" offset="11" sl="178" sc="5" el="178" ec="5" bec="0" bev="0" fileid="69" />
                <SequencePoint vc="0" uspid="24925" ordinal="0" offset="24" sl="178" sc="54" el="178" ec="54" bec="0" bev="0" fileid="69" />
                <SequencePoint vc="0" uspid="24926" ordinal="0" offset="25" sl="179" sc="6" el="179" ec="6" bec="0" bev="0" fileid="69" />
                <SequencePoint vc="0" uspid="24927" ordinal="0" offset="57" sl="179" sc="47" el="179" ec="47" bec="0" bev="0" fileid="69" />
                <SequencePoint vc="0" uspid="24928" ordinal="0" offset="58" sl="180" sc="7" el="180" ec="7" bec="0" bev="0" fileid="69" />
                <SequencePoint vc="0" uspid="24929" ordinal="0" offset="65" sl="181" sc="7" el="181" ec="7" bec="0" bev="0" fileid="69" />
                <SequencePoint vc="0" uspid="24930" ordinal="0" offset="76" sl="182" sc="6" el="182" ec="6" bec="0" bev="0" fileid="69" />
                <SequencePoint vc="0" uspid="24931" ordinal="0" offset="77" sl="183" sc="5" el="183" ec="5" bec="0" bev="0" fileid="69" />
                <SequencePoint vc="258" uspid="24932" ordinal="0" offset="80" sl="183" sc="12" el="183" ec="12" bec="0" bev="0" fileid="69" />
                <SequencePoint vc="258" uspid="24933" ordinal="0" offset="81" sl="184" sc="6" el="184" ec="6" bec="0" bev="0" fileid="69" />
                <SequencePoint vc="258" uspid="24934" ordinal="0" offset="88" sl="185" sc="5" el="185" ec="5" bec="0" bev="0" fileid="69" />
                <SequencePoint vc="258" uspid="24935" ordinal="0" offset="89" sl="186" sc="4" el="186" ec="4" bec="0" bev="0" fileid="69" />
                <SequencePoint vc="258" uspid="24936" ordinal="0" offset="90" sl="187" sc="3" el="187" ec="3" bec="0" bev="0" fileid="69" />
              </SequencePoints>
              <BranchPoints />
            </Method>
            <Method visited="true" cyclomaticComplexity="0" nPathComplexity="0" sequenceCoverage="80.00" branchCoverage="0" crapScore="0" isConstructor="false" isStatic="false" isGetter="false" isSetter="false">
              <Summary numSequencePoints="15" visitedSequencePoints="12" numBranchPoints="0" visitedBranchPoints="0" sequenceCoverage="80.00" branchCoverage="0" maxCyclomaticComplexity="0" minCyclomaticComplexity="0" maxCrapScore="0" minCrapScore="0" visitedClasses="0" numClasses="0" visitedMethods="1" numMethods="1" />
              <MetadataToken>100663629</MetadataToken>
              <Name>System.Void Suimono.Core.cameraTools::SetCopyCamera()</Name>
              <FileRef uid="69" />
              <SequencePoints>
                <SequencePoint vc="270" uspid="24937" ordinal="0" offset="0" sl="190" sc="23" el="190" ec="23" bec="0" bev="0" fileid="69" />
                <SequencePoint vc="270" uspid="24938" ordinal="0" offset="1" sl="194" sc="5" el="194" ec="5" bec="0" bev="0" fileid="69" />
                <SequencePoint vc="270" uspid="24939" ordinal="0" offset="17" sl="194" sc="37" el="194" ec="37" bec="0" bev="0" fileid="69" />
                <SequencePoint vc="270" uspid="24940" ordinal="0" offset="18" sl="195" sc="5" el="195" ec="5" bec="0" bev="0" fileid="69" />
                <SequencePoint vc="270" uspid="24941" ordinal="0" offset="39" sl="195" sc="47" el="195" ec="47" bec="0" bev="0" fileid="69" />
                <SequencePoint vc="270" uspid="24942" ordinal="0" offset="40" sl="196" sc="7" el="196" ec="7" bec="0" bev="0" fileid="69" />
                <SequencePoint vc="270" uspid="24943" ordinal="0" offset="61" sl="196" sc="58" el="196" ec="58" bec="0" bev="0" fileid="69" />
                <SequencePoint vc="270" uspid="24944" ordinal="0" offset="62" sl="197" sc="8" el="197" ec="8" bec="0" bev="0" fileid="69" />
                <SequencePoint vc="270" uspid="24945" ordinal="0" offset="79" sl="198" sc="7" el="198" ec="7" bec="0" bev="0" fileid="69" />
                <SequencePoint vc="0" uspid="24946" ordinal="0" offset="82" sl="199" sc="12" el="199" ec="12" bec="0" bev="0" fileid="69" />
                <SequencePoint vc="0" uspid="24947" ordinal="0" offset="83" sl="200" sc="8" el="200" ec="8" bec="0" bev="0" fileid="69" />
                <SequencePoint vc="0" uspid="24948" ordinal="0" offset="105" sl="201" sc="7" el="201" ec="7" bec="0" bev="0" fileid="69" />
                <SequencePoint vc="270" uspid="24949" ordinal="0" offset="106" sl="202" sc="5" el="202" ec="5" bec="0" bev="0" fileid="69" />
                <SequencePoint vc="270" uspid="24950" ordinal="0" offset="107" sl="202" sc="6" el="202" ec="6" bec="0" bev="0" fileid="69" />
                <SequencePoint vc="270" uspid="24951" ordinal="0" offset="108" sl="206" sc="3" el="206" ec="3" bec="0" bev="0" fileid="69" />
              </SequencePoints>
              <BranchPoints />
            </Method>
            <Method visited="true" cyclomaticComplexity="0" nPathComplexity="0" sequenceCoverage="61.90" branchCoverage="0" crapScore="0" isConstructor="false" isStatic="false" isGetter="false" isSetter="false">
              <Summary numSequencePoints="21" visitedSequencePoints="13" numBranchPoints="0" visitedBranchPoints="0" sequenceCoverage="61.90" branchCoverage="0" maxCyclomaticComplexity="0" minCyclomaticComplexity="0" maxCrapScore="0" minCrapScore="0" visitedClasses="0" numClasses="0" visitedMethods="1" numMethods="1" />
              <MetadataToken>100663630</MetadataToken>
              <Name>System.Void Suimono.Core.cameraTools::CameraRender()</Name>
              <FileRef uid="69" />
              <SequencePoints>
                <SequencePoint vc="264" uspid="24952" ordinal="0" offset="0" sl="210" sc="22" el="210" ec="22" bec="0" bev="0" fileid="69" />
                <SequencePoint vc="264" uspid="24953" ordinal="0" offset="1" sl="213" sc="4" el="213" ec="4" bec="0" bev="0" fileid="69" />
                <SequencePoint vc="44" uspid="24954" ordinal="0" offset="14" sl="213" sc="53" el="213" ec="53" bec="0" bev="0" fileid="69" />
                <SequencePoint vc="44" uspid="24955" ordinal="0" offset="15" sl="214" sc="5" el="214" ec="5" bec="0" bev="0" fileid="69" />
                <SequencePoint vc="44" uspid="24956" ordinal="0" offset="22" sl="215" sc="4" el="215" ec="4" bec="0" bev="0" fileid="69" />
                <SequencePoint vc="264" uspid="24957" ordinal="0" offset="23" sl="218" sc="4" el="218" ec="4" bec="0" bev="0" fileid="69" />
                <SequencePoint vc="264" uspid="24958" ordinal="0" offset="41" sl="219" sc="4" el="219" ec="4" bec="0" bev="0" fileid="69" />
                <SequencePoint vc="0" uspid="24959" ordinal="0" offset="64" sl="219" sc="78" el="219" ec="78" bec="0" bev="0" fileid="69" />
                <SequencePoint vc="0" uspid="24960" ordinal="0" offset="65" sl="220" sc="5" el="220" ec="5" bec="0" bev="0" fileid="69" />
                <SequencePoint vc="0" uspid="24961" ordinal="0" offset="78" sl="222" sc="5" el="222" ec="5" bec="0" bev="0" fileid="69" />
                <SequencePoint vc="0" uspid="24962" ordinal="0" offset="94" sl="223" sc="5" el="223" ec="5" bec="0" bev="0" fileid="69" />
                <SequencePoint vc="0" uspid="24963" ordinal="0" offset="117" sl="225" sc="5" el="225" ec="5" bec="0" bev="0" fileid="69" />
                <SequencePoint vc="0" uspid="24964" ordinal="0" offset="134" sl="226" sc="5" el="226" ec="5" bec="0" bev="0" fileid="69" />
                <SequencePoint vc="0" uspid="24965" ordinal="0" offset="151" sl="229" sc="6" el="229" ec="6" bec="0" bev="0" fileid="69" />
                <SequencePoint vc="0" uspid="24966" ordinal="0" offset="163" sl="233" sc="4" el="233" ec="4" bec="0" bev="0" fileid="69" />
                <SequencePoint vc="264" uspid="24967" ordinal="0" offset="166" sl="233" sc="11" el="233" ec="11" bec="0" bev="0" fileid="69" />
                <SequencePoint vc="264" uspid="24968" ordinal="0" offset="167" sl="234" sc="5" el="234" ec="5" bec="0" bev="0" fileid="69" />
                <SequencePoint vc="264" uspid="24969" ordinal="0" offset="180" sl="235" sc="4" el="235" ec="4" bec="0" bev="0" fileid="69" />
                <SequencePoint vc="264" uspid="24970" ordinal="0" offset="181" sl="239" sc="4" el="239" ec="4" bec="0" bev="0" fileid="69" />
                <SequencePoint vc="44" uspid="24971" ordinal="0" offset="194" sl="239" sc="54" el="239" ec="54" bec="0" bev="0" fileid="69" />
                <SequencePoint vc="264" uspid="24972" ordinal="0" offset="201" sl="240" sc="3" el="240" ec="3" bec="0" bev="0" fileid="69" />
              </SequencePoints>
              <BranchPoints />
            </Method>
            <Method visited="true" cyclomaticComplexity="0" nPathComplexity="0" sequenceCoverage="64.56" branchCoverage="0" crapScore="0" isConstructor="false" isStatic="false" isGetter="false" isSetter="false">
              <Summary numSequencePoints="158" visitedSequencePoints="102" numBranchPoints="0" visitedBranchPoints="0" sequenceCoverage="64.56" branchCoverage="0" maxCyclomaticComplexity="0" minCyclomaticComplexity="0" maxCrapScore="0" minCrapScore="0" visitedClasses="0" numClasses="0" visitedMethods="1" numMethods="1" />
              <MetadataToken>100663631</MetadataToken>
              <Name>System.Void Suimono.Core.cameraTools::CameraUpdate()</Name>
              <FileRef uid="69" />
              <SequencePoints>
                <SequencePoint vc="264" uspid="24973" ordinal="0" offset="0" sl="246" sc="30" el="246" ec="30" bec="0" bev="0" fileid="69" />
                <SequencePoint vc="264" uspid="24974" ordinal="0" offset="1" sl="248" sc="4" el="248" ec="4" bec="0" bev="0" fileid="69" />
                <SequencePoint vc="264" uspid="24975" ordinal="0" offset="8" sl="257" sc="4" el="257" ec="4" bec="0" bev="0" fileid="69" />
                <SequencePoint vc="264" uspid="24976" ordinal="0" offset="44" sl="257" sc="39" el="257" ec="39" bec="0" bev="0" fileid="69" />
                <SequencePoint vc="264" uspid="24977" ordinal="0" offset="45" sl="260" sc="5" el="260" ec="5" bec="0" bev="0" fileid="69" />
                <SequencePoint vc="264" uspid="24978" ordinal="0" offset="61" sl="260" sc="54" el="260" ec="54" bec="0" bev="0" fileid="69" />
                <SequencePoint vc="264" uspid="24979" ordinal="0" offset="62" sl="261" sc="6" el="261" ec="6" bec="0" bev="0" fileid="69" />
                <SequencePoint vc="264" uspid="24980" ordinal="0" offset="95" sl="262" sc="6" el="262" ec="6" bec="0" bev="0" fileid="69" />
                <SequencePoint vc="264" uspid="24981" ordinal="0" offset="128" sl="263" sc="6" el="263" ec="6" bec="0" bev="0" fileid="69" />
                <SequencePoint vc="264" uspid="24982" ordinal="0" offset="151" sl="264" sc="6" el="264" ec="6" bec="0" bev="0" fileid="69" />
                <SequencePoint vc="264" uspid="24983" ordinal="0" offset="174" sl="265" sc="5" el="265" ec="5" bec="0" bev="0" fileid="69" />
                <SequencePoint vc="264" uspid="24984" ordinal="0" offset="175" sl="268" sc="5" el="268" ec="5" bec="0" bev="0" fileid="69" />
                <SequencePoint vc="0" uspid="24985" ordinal="0" offset="195" sl="268" sc="30" el="268" ec="30" bec="0" bev="0" fileid="69" />
                <SequencePoint vc="0" uspid="24986" ordinal="0" offset="196" sl="269" sc="6" el="269" ec="6" bec="0" bev="0" fileid="69" />
                <SequencePoint vc="0" uspid="24987" ordinal="0" offset="229" sl="270" sc="5" el="270" ec="5" bec="0" bev="0" fileid="69" />
                <SequencePoint vc="264" uspid="24988" ordinal="0" offset="230" sl="273" sc="6" el="273" ec="6" bec="0" bev="0" fileid="69" />
                <SequencePoint vc="264" uspid="24989" ordinal="0" offset="243" sl="273" sc="51" el="273" ec="51" bec="0" bev="0" fileid="69" />
                <SequencePoint vc="264" uspid="24990" ordinal="0" offset="244" sl="274" sc="7" el="274" ec="7" bec="0" bev="0" fileid="69" />
                <SequencePoint vc="264" uspid="24991" ordinal="0" offset="261" sl="277" sc="7" el="277" ec="7" bec="0" bev="0" fileid="69" />
                <SequencePoint vc="44" uspid="24992" ordinal="0" offset="276" sl="277" sc="52" el="277" ec="52" bec="0" bev="0" fileid="69" />
                <SequencePoint vc="44" uspid="24993" ordinal="0" offset="277" sl="278" sc="8" el="278" ec="8" bec="0" bev="0" fileid="69" />
                <SequencePoint vc="0" uspid="24994" ordinal="0" offset="297" sl="278" sc="59" el="278" ec="59" bec="0" bev="0" fileid="69" />
                <SequencePoint vc="0" uspid="24995" ordinal="0" offset="298" sl="279" sc="9" el="279" ec="9" bec="0" bev="0" fileid="69" />
                <SequencePoint vc="0" uspid="24996" ordinal="0" offset="305" sl="280" sc="8" el="280" ec="8" bec="0" bev="0" fileid="69" />
                <SequencePoint vc="44" uspid="24997" ordinal="0" offset="308" sl="280" sc="15" el="280" ec="15" bec="0" bev="0" fileid="69" />
                <SequencePoint vc="44" uspid="24998" ordinal="0" offset="309" sl="281" sc="9" el="281" ec="9" bec="0" bev="0" fileid="69" />
                <SequencePoint vc="44" uspid="24999" ordinal="0" offset="326" sl="282" sc="8" el="282" ec="8" bec="0" bev="0" fileid="69" />
                <SequencePoint vc="44" uspid="25000" ordinal="0" offset="327" sl="283" sc="7" el="283" ec="7" bec="0" bev="0" fileid="69" />
                <SequencePoint vc="264" uspid="25001" ordinal="0" offset="328" sl="285" sc="6" el="285" ec="6" bec="0" bev="0" fileid="69" />
                <SequencePoint vc="0" uspid="25002" ordinal="0" offset="331" sl="285" sc="13" el="285" ec="13" bec="0" bev="0" fileid="69" />
                <SequencePoint vc="0" uspid="25003" ordinal="0" offset="346" sl="285" sc="64" el="285" ec="64" bec="0" bev="0" fileid="69" />
                <SequencePoint vc="0" uspid="25004" ordinal="0" offset="347" sl="286" sc="7" el="286" ec="7" bec="0" bev="0" fileid="69" />
                <SequencePoint vc="0" uspid="25005" ordinal="0" offset="354" sl="288" sc="6" el="288" ec="6" bec="0" bev="0" fileid="69" />
                <SequencePoint vc="0" uspid="25006" ordinal="0" offset="357" sl="288" sc="13" el="288" ec="13" bec="0" bev="0" fileid="69" />
                <SequencePoint vc="0" uspid="25007" ordinal="0" offset="372" sl="288" sc="65" el="288" ec="65" bec="0" bev="0" fileid="69" />
                <SequencePoint vc="0" uspid="25008" ordinal="0" offset="373" sl="289" sc="7" el="289" ec="7" bec="0" bev="0" fileid="69" />
                <SequencePoint vc="0" uspid="25009" ordinal="0" offset="380" sl="291" sc="6" el="291" ec="6" bec="0" bev="0" fileid="69" />
                <SequencePoint vc="0" uspid="25010" ordinal="0" offset="383" sl="291" sc="13" el="291" ec="13" bec="0" bev="0" fileid="69" />
                <SequencePoint vc="0" uspid="25011" ordinal="0" offset="398" sl="291" sc="56" el="291" ec="56" bec="0" bev="0" fileid="69" />
                <SequencePoint vc="0" uspid="25012" ordinal="0" offset="399" sl="292" sc="7" el="292" ec="7" bec="0" bev="0" fileid="69" />
                <SequencePoint vc="0" uspid="25013" ordinal="0" offset="406" sl="293" sc="6" el="293" ec="6" bec="0" bev="0" fileid="69" />
                <SequencePoint vc="264" uspid="25014" ordinal="0" offset="407" sl="296" sc="6" el="296" ec="6" bec="0" bev="0" fileid="69" />
                <SequencePoint vc="264" uspid="25015" ordinal="0" offset="425" sl="299" sc="5" el="299" ec="5" bec="0" bev="0" fileid="69" />
                <SequencePoint vc="264" uspid="25016" ordinal="0" offset="446" sl="299" sc="31" el="299" ec="31" bec="0" bev="0" fileid="69" />
                <SequencePoint vc="264" uspid="25017" ordinal="0" offset="447" sl="302" sc="6" el="302" ec="6" bec="0" bev="0" fileid="69" />
                <SequencePoint vc="6" uspid="25018" ordinal="0" offset="470" sl="302" sc="39" el="302" ec="39" bec="0" bev="0" fileid="69" />
                <SequencePoint vc="6" uspid="25019" ordinal="0" offset="471" sl="304" sc="7" el="304" ec="7" bec="0" bev="0" fileid="69" />
                <SequencePoint vc="0" uspid="25020" ordinal="0" offset="486" sl="304" sc="56" el="304" ec="56" bec="0" bev="0" fileid="69" />
                <SequencePoint vc="0" uspid="25021" ordinal="0" offset="487" sl="305" sc="8" el="305" ec="8" bec="0" bev="0" fileid="69" />
                <SequencePoint vc="0" uspid="25022" ordinal="0" offset="514" sl="306" sc="8" el="306" ec="8" bec="0" bev="0" fileid="69" />
                <SequencePoint vc="0" uspid="25023" ordinal="0" offset="532" sl="306" sc="32" el="306" ec="32" bec="0" bev="0" fileid="69" />
                <SequencePoint vc="0" uspid="25024" ordinal="0" offset="533" sl="307" sc="9" el="307" ec="9" bec="0" bev="0" fileid="69" />
                <SequencePoint vc="0" uspid="25025" ordinal="0" offset="550" sl="308" sc="8" el="308" ec="8" bec="0" bev="0" fileid="69" />
                <SequencePoint vc="0" uspid="25026" ordinal="0" offset="551" sl="309" sc="7" el="309" ec="7" bec="0" bev="0" fileid="69" />
                <SequencePoint vc="6" uspid="25027" ordinal="0" offset="552" sl="311" sc="7" el="311" ec="7" bec="0" bev="0" fileid="69" />
                <SequencePoint vc="6" uspid="25028" ordinal="0" offset="564" sl="312" sc="7" el="312" ec="7" bec="0" bev="0" fileid="69" />
                <SequencePoint vc="6" uspid="25029" ordinal="0" offset="571" sl="313" sc="6" el="313" ec="6" bec="0" bev="0" fileid="69" />
                <SequencePoint vc="264" uspid="25030" ordinal="0" offset="572" sl="316" sc="6" el="316" ec="6" bec="0" bev="0" fileid="69" />
                <SequencePoint vc="44" uspid="25031" ordinal="0" offset="587" sl="316" sc="47" el="316" ec="47" bec="0" bev="0" fileid="69" />
                <SequencePoint vc="44" uspid="25032" ordinal="0" offset="588" sl="317" sc="7" el="317" ec="7" bec="0" bev="0" fileid="69" />
                <SequencePoint vc="44" uspid="25033" ordinal="0" offset="605" sl="317" sc="53" el="317" ec="53" bec="0" bev="0" fileid="69" />
                <SequencePoint vc="44" uspid="25034" ordinal="0" offset="606" sl="319" sc="9" el="319" ec="9" bec="0" bev="0" fileid="69" />
                <SequencePoint vc="44" uspid="25035" ordinal="0" offset="619" sl="324" sc="8" el="324" ec="8" bec="0" bev="0" fileid="69" />
                <SequencePoint vc="44" uspid="25036" ordinal="0" offset="642" sl="325" sc="8" el="325" ec="8" bec="0" bev="0" fileid="69" />
                <SequencePoint vc="44" uspid="25037" ordinal="0" offset="649" sl="326" sc="7" el="326" ec="7" bec="0" bev="0" fileid="69" />
                <SequencePoint vc="0" uspid="25038" ordinal="0" offset="652" sl="326" sc="14" el="326" ec="14" bec="0" bev="0" fileid="69" />
                <SequencePoint vc="0" uspid="25039" ordinal="0" offset="653" sl="327" sc="8" el="327" ec="8" bec="0" bev="0" fileid="69" />
                <SequencePoint vc="0" uspid="25040" ordinal="0" offset="660" sl="328" sc="7" el="328" ec="7" bec="0" bev="0" fileid="69" />
                <SequencePoint vc="44" uspid="25041" ordinal="0" offset="661" sl="331" sc="6" el="331" ec="6" bec="0" bev="0" fileid="69" />
                <SequencePoint vc="220" uspid="25042" ordinal="0" offset="667" sl="331" sc="13" el="331" ec="13" bec="0" bev="0" fileid="69" />
                <SequencePoint vc="44" uspid="25043" ordinal="0" offset="682" sl="331" sc="58" el="331" ec="58" bec="0" bev="0" fileid="69" />
                <SequencePoint vc="44" uspid="25044" ordinal="0" offset="683" sl="332" sc="7" el="332" ec="7" bec="0" bev="0" fileid="69" />
                <SequencePoint vc="44" uspid="25045" ordinal="0" offset="700" sl="332" sc="53" el="332" ec="53" bec="0" bev="0" fileid="69" />
                <SequencePoint vc="44" uspid="25046" ordinal="0" offset="701" sl="333" sc="8" el="333" ec="8" bec="0" bev="0" fileid="69" />
                <SequencePoint vc="44" uspid="25047" ordinal="0" offset="724" sl="334" sc="8" el="334" ec="8" bec="0" bev="0" fileid="69" />
                <SequencePoint vc="44" uspid="25048" ordinal="0" offset="731" sl="335" sc="7" el="335" ec="7" bec="0" bev="0" fileid="69" />
                <SequencePoint vc="0" uspid="25049" ordinal="0" offset="734" sl="335" sc="14" el="335" ec="14" bec="0" bev="0" fileid="69" />
                <SequencePoint vc="0" uspid="25050" ordinal="0" offset="735" sl="336" sc="8" el="336" ec="8" bec="0" bev="0" fileid="69" />
                <SequencePoint vc="0" uspid="25051" ordinal="0" offset="742" sl="337" sc="7" el="337" ec="7" bec="0" bev="0" fileid="69" />
                <SequencePoint vc="44" uspid="25052" ordinal="0" offset="743" sl="340" sc="6" el="340" ec="6" bec="0" bev="0" fileid="69" />
                <SequencePoint vc="176" uspid="25053" ordinal="0" offset="746" sl="340" sc="13" el="340" ec="13" bec="0" bev="0" fileid="69" />
                <SequencePoint vc="44" uspid="25054" ordinal="0" offset="761" sl="340" sc="58" el="340" ec="58" bec="0" bev="0" fileid="69" />
                <SequencePoint vc="44" uspid="25055" ordinal="0" offset="762" sl="341" sc="7" el="341" ec="7" bec="0" bev="0" fileid="69" />
                <SequencePoint vc="44" uspid="25056" ordinal="0" offset="779" sl="341" sc="50" el="341" ec="50" bec="0" bev="0" fileid="69" />
                <SequencePoint vc="44" uspid="25057" ordinal="0" offset="780" sl="342" sc="8" el="342" ec="8" bec="0" bev="0" fileid="69" />
                <SequencePoint vc="44" uspid="25058" ordinal="0" offset="787" sl="343" sc="7" el="343" ec="7" bec="0" bev="0" fileid="69" />
                <SequencePoint vc="0" uspid="25059" ordinal="0" offset="790" sl="343" sc="14" el="343" ec="14" bec="0" bev="0" fileid="69" />
                <SequencePoint vc="0" uspid="25060" ordinal="0" offset="791" sl="344" sc="8" el="344" ec="8" bec="0" bev="0" fileid="69" />
                <SequencePoint vc="0" uspid="25061" ordinal="0" offset="798" sl="345" sc="7" el="345" ec="7" bec="0" bev="0" fileid="69" />
                <SequencePoint vc="44" uspid="25062" ordinal="0" offset="799" sl="348" sc="6" el="348" ec="6" bec="0" bev="0" fileid="69" />
                <SequencePoint vc="132" uspid="25063" ordinal="0" offset="802" sl="348" sc="13" el="348" ec="13" bec="0" bev="0" fileid="69" />
                <SequencePoint vc="44" uspid="25064" ordinal="0" offset="817" sl="348" sc="65" el="348" ec="65" bec="0" bev="0" fileid="69" />
                <SequencePoint vc="44" uspid="25065" ordinal="0" offset="818" sl="349" sc="7" el="349" ec="7" bec="0" bev="0" fileid="69" />
                <SequencePoint vc="44" uspid="25066" ordinal="0" offset="835" sl="349" sc="46" el="349" ec="46" bec="0" bev="0" fileid="69" />
                <SequencePoint vc="44" uspid="25067" ordinal="0" offset="836" sl="350" sc="8" el="350" ec="8" bec="0" bev="0" fileid="69" />
                <SequencePoint vc="44" uspid="25068" ordinal="0" offset="843" sl="351" sc="7" el="351" ec="7" bec="0" bev="0" fileid="69" />
                <SequencePoint vc="0" uspid="25069" ordinal="0" offset="846" sl="351" sc="14" el="351" ec="14" bec="0" bev="0" fileid="69" />
                <SequencePoint vc="0" uspid="25070" ordinal="0" offset="847" sl="352" sc="8" el="352" ec="8" bec="0" bev="0" fileid="69" />
                <SequencePoint vc="0" uspid="25071" ordinal="0" offset="854" sl="353" sc="7" el="353" ec="7" bec="0" bev="0" fileid="69" />
                <SequencePoint vc="44" uspid="25072" ordinal="0" offset="855" sl="355" sc="6" el="355" ec="6" bec="0" bev="0" fileid="69" />
                <SequencePoint vc="88" uspid="25073" ordinal="0" offset="858" sl="355" sc="13" el="355" ec="13" bec="0" bev="0" fileid="69" />
                <SequencePoint vc="88" uspid="25074" ordinal="0" offset="859" sl="356" sc="7" el="356" ec="7" bec="0" bev="0" fileid="69" />
                <SequencePoint vc="88" uspid="25075" ordinal="0" offset="866" sl="357" sc="6" el="357" ec="6" bec="0" bev="0" fileid="69" />
                <SequencePoint vc="264" uspid="25076" ordinal="0" offset="867" sl="362" sc="6" el="362" ec="6" bec="0" bev="0" fileid="69" />
                <SequencePoint vc="44" uspid="25077" ordinal="0" offset="882" sl="362" sc="51" el="362" ec="51" bec="0" bev="0" fileid="69" />
                <SequencePoint vc="44" uspid="25078" ordinal="0" offset="883" sl="363" sc="7" el="363" ec="7" bec="0" bev="0" fileid="69" />
                <SequencePoint vc="44" uspid="25079" ordinal="0" offset="900" sl="364" sc="7" el="364" ec="7" bec="0" bev="0" fileid="69" />
                <SequencePoint vc="0" uspid="25080" ordinal="0" offset="920" sl="364" sc="55" el="364" ec="55" bec="0" bev="0" fileid="69" />
                <SequencePoint vc="0" uspid="25081" ordinal="0" offset="921" sl="365" sc="8" el="365" ec="8" bec="0" bev="0" fileid="69" />
                <SequencePoint vc="0" uspid="25082" ordinal="0" offset="938" sl="366" sc="7" el="366" ec="7" bec="0" bev="0" fileid="69" />
                <SequencePoint vc="44" uspid="25083" ordinal="0" offset="939" sl="367" sc="6" el="367" ec="6" bec="0" bev="0" fileid="69" />
                <SequencePoint vc="264" uspid="25084" ordinal="0" offset="940" sl="368" sc="6" el="368" ec="6" bec="0" bev="0" fileid="69" />
                <SequencePoint vc="44" uspid="25085" ordinal="0" offset="955" sl="368" sc="58" el="368" ec="58" bec="0" bev="0" fileid="69" />
                <SequencePoint vc="44" uspid="25086" ordinal="0" offset="956" sl="369" sc="7" el="369" ec="7" bec="0" bev="0" fileid="69" />
                <SequencePoint vc="44" uspid="25087" ordinal="0" offset="989" sl="370" sc="43" el="370" ec="43" bec="0" bev="0" fileid="69" />
                <SequencePoint vc="44" uspid="25088" ordinal="0" offset="990" sl="371" sc="8" el="371" ec="8" bec="0" bev="0" fileid="69" />
                <SequencePoint vc="44" uspid="25089" ordinal="0" offset="1007" sl="372" sc="7" el="372" ec="7" bec="0" bev="0" fileid="69" />
                <SequencePoint vc="44" uspid="25090" ordinal="0" offset="1008" sl="375" sc="6" el="375" ec="6" bec="0" bev="0" fileid="69" />
                <SequencePoint vc="264" uspid="25091" ordinal="0" offset="1009" sl="376" sc="6" el="376" ec="6" bec="0" bev="0" fileid="69" />
                <SequencePoint vc="44" uspid="25092" ordinal="0" offset="1024" sl="376" sc="51" el="376" ec="51" bec="0" bev="0" fileid="69" />
                <SequencePoint vc="44" uspid="25093" ordinal="0" offset="1025" sl="377" sc="7" el="377" ec="7" bec="0" bev="0" fileid="69" />
                <SequencePoint vc="44" uspid="25094" ordinal="0" offset="1042" sl="378" sc="6" el="378" ec="6" bec="0" bev="0" fileid="69" />
                <SequencePoint vc="264" uspid="25095" ordinal="0" offset="1043" sl="379" sc="6" el="379" ec="6" bec="0" bev="0" fileid="69" />
                <SequencePoint vc="44" uspid="25096" ordinal="0" offset="1058" sl="379" sc="47" el="379" ec="47" bec="0" bev="0" fileid="69" />
                <SequencePoint vc="44" uspid="25097" ordinal="0" offset="1059" sl="380" sc="7" el="380" ec="7" bec="0" bev="0" fileid="69" />
                <SequencePoint vc="44" uspid="25098" ordinal="0" offset="1076" sl="381" sc="6" el="381" ec="6" bec="0" bev="0" fileid="69" />
                <SequencePoint vc="264" uspid="25099" ordinal="0" offset="1077" sl="382" sc="6" el="382" ec="6" bec="0" bev="0" fileid="69" />
                <SequencePoint vc="0" uspid="25100" ordinal="0" offset="1092" sl="382" sc="49" el="382" ec="49" bec="0" bev="0" fileid="69" />
                <SequencePoint vc="0" uspid="25101" ordinal="0" offset="1093" sl="383" sc="7" el="383" ec="7" bec="0" bev="0" fileid="69" />
                <SequencePoint vc="0" uspid="25102" ordinal="0" offset="1110" sl="384" sc="6" el="384" ec="6" bec="0" bev="0" fileid="69" />
                <SequencePoint vc="264" uspid="25103" ordinal="0" offset="1111" sl="385" sc="6" el="385" ec="6" bec="0" bev="0" fileid="69" />
                <SequencePoint vc="0" uspid="25104" ordinal="0" offset="1126" sl="385" sc="54" el="385" ec="54" bec="0" bev="0" fileid="69" />
                <SequencePoint vc="0" uspid="25105" ordinal="0" offset="1127" sl="386" sc="7" el="386" ec="7" bec="0" bev="0" fileid="69" />
                <SequencePoint vc="0" uspid="25106" ordinal="0" offset="1144" sl="387" sc="6" el="387" ec="6" bec="0" bev="0" fileid="69" />
                <SequencePoint vc="264" uspid="25107" ordinal="0" offset="1145" sl="388" sc="6" el="388" ec="6" bec="0" bev="0" fileid="69" />
                <SequencePoint vc="0" uspid="25108" ordinal="0" offset="1160" sl="388" sc="50" el="388" ec="50" bec="0" bev="0" fileid="69" />
                <SequencePoint vc="0" uspid="25109" ordinal="0" offset="1161" sl="389" sc="7" el="389" ec="7" bec="0" bev="0" fileid="69" />
                <SequencePoint vc="0" uspid="25110" ordinal="0" offset="1178" sl="390" sc="6" el="390" ec="6" bec="0" bev="0" fileid="69" />
                <SequencePoint vc="264" uspid="25111" ordinal="0" offset="1179" sl="391" sc="6" el="391" ec="6" bec="0" bev="0" fileid="69" />
                <SequencePoint vc="44" uspid="25112" ordinal="0" offset="1194" sl="391" sc="55" el="391" ec="55" bec="0" bev="0" fileid="69" />
                <SequencePoint vc="44" uspid="25113" ordinal="0" offset="1195" sl="392" sc="7" el="392" ec="7" bec="0" bev="0" fileid="69" />
                <SequencePoint vc="44" uspid="25114" ordinal="0" offset="1213" sl="392" sc="36" el="392" ec="36" bec="0" bev="0" fileid="69" />
                <SequencePoint vc="44" uspid="25115" ordinal="0" offset="1241" sl="393" sc="6" el="393" ec="6" bec="0" bev="0" fileid="69" />
                <SequencePoint vc="264" uspid="25116" ordinal="0" offset="1242" sl="394" sc="6" el="394" ec="6" bec="0" bev="0" fileid="69" />
                <SequencePoint vc="0" uspid="25117" ordinal="0" offset="1257" sl="394" sc="55" el="394" ec="55" bec="0" bev="0" fileid="69" />
                <SequencePoint vc="0" uspid="25118" ordinal="0" offset="1258" sl="395" sc="7" el="395" ec="7" bec="0" bev="0" fileid="69" />
                <SequencePoint vc="0" uspid="25119" ordinal="0" offset="1276" sl="395" sc="36" el="395" ec="36" bec="0" bev="0" fileid="69" />
                <SequencePoint vc="0" uspid="25120" ordinal="0" offset="1304" sl="396" sc="6" el="396" ec="6" bec="0" bev="0" fileid="69" />
                <SequencePoint vc="264" uspid="25121" ordinal="0" offset="1305" sl="397" sc="6" el="397" ec="6" bec="0" bev="0" fileid="69" />
[...]
              <MetadataToken>100663509</MetadataToken>
              <Name>static DialogueEditor.ConversationManager DialogueEditor.ConversationManager::get_Instance()</Name>
              <FileRef uid="184" />
              <SequencePoints>
                <SequencePoint vc="1" uspid="38916" ordinal="0" offset="0" sl="24" sc="54" el="24" ec="54" bec="0" bev="0" fileid="184" />
              </SequencePoints>
              <BranchPoints />
            </Method>
            <Method visited="true" cyclomaticComplexity="0" nPathComplexity="0" sequenceCoverage="100.0" branchCoverage="0" crapScore="0" isConstructor="false" isStatic="true" isGetter="false" isSetter="true">
              <Summary numSequencePoints="1" visitedSequencePoints="1" numBranchPoints="0" visitedBranchPoints="0" sequenceCoverage="100.0" branchCoverage="0" maxCyclomaticComplexity="0" minCyclomaticComplexity="0" maxCrapScore="0" minCrapScore="0" visitedClasses="0" numClasses="0" visitedMethods="1" numMethods="1" />
              <MetadataToken>100663510</MetadataToken>
              <Name>static System.Void DialogueEditor.ConversationManager::set_Instance(DialogueEditor.ConversationManager)</Name>
              <FileRef uid="184" />
              <SequencePoints>
                <SequencePoint vc="2" uspid="38917" ordinal="0" offset="0" sl="24" sc="59" el="24" ec="59" bec="0" bev="0" fileid="184" />
              </SequencePoints>
              <BranchPoints />
            </Method>
            <Method visited="true" cyclomaticComplexity="0" nPathComplexity="0" sequenceCoverage="72.73" branchCoverage="0" crapScore="0" isConstructor="false" isStatic="false" isGetter="false" isSetter="false">
              <Summary numSequencePoints="11" visitedSequencePoints="8" numBranchPoints="0" visitedBranchPoints="0" sequenceCoverage="72.73" branchCoverage="0" maxCyclomaticComplexity="0" minCyclomaticComplexity="0" maxCrapScore="0" minCrapScore="0" visitedClasses="0" numClasses="0" visitedMethods="1" numMethods="1" />
              <MetadataToken>100663512</MetadataToken>
              <Name>System.Void DialogueEditor.ConversationManager::Awake()</Name>
              <FileRef uid="184" />
              <SequencePoints>
                <SequencePoint vc="1" uspid="38921" ordinal="0" offset="0" sl="90" sc="9" el="90" ec="9" bec="0" bev="0" fileid="184" />
                <SequencePoint vc="1" uspid="38922" ordinal="0" offset="1" sl="92" sc="13" el="92" ec="13" bec="0" bev="0" fileid="184" />
                <SequencePoint vc="0" uspid="38923" ordinal="0" offset="32" sl="93" sc="13" el="93" ec="13" bec="0" bev="0" fileid="184" />
                <SequencePoint vc="0" uspid="38924" ordinal="0" offset="33" sl="94" sc="17" el="94" ec="17" bec="0" bev="0" fileid="184" />
                <SequencePoint vc="0" uspid="38925" ordinal="0" offset="45" sl="95" sc="13" el="95" ec="13" bec="0" bev="0" fileid="184" />
                <SequencePoint vc="1" uspid="38926" ordinal="0" offset="46" sl="96" sc="13" el="96" ec="13" bec="0" bev="0" fileid="184" />
                <SequencePoint vc="1" uspid="38927" ordinal="0" offset="53" sl="98" sc="13" el="98" ec="13" bec="0" bev="0" fileid="184" />
                <SequencePoint vc="1" uspid="38928" ordinal="0" offset="64" sl="100" sc="13" el="100" ec="13" bec="0" bev="0" fileid="184" />
                <SequencePoint vc="1" uspid="38929" ordinal="0" offset="82" sl="101" sc="13" el="101" ec="13" bec="0" bev="0" fileid="184" />
                <SequencePoint vc="1" uspid="38930" ordinal="0" offset="99" sl="102" sc="13" el="102" ec="13" bec="0" bev="0" fileid="184" />
                <SequencePoint vc="1" uspid="38931" ordinal="0" offset="106" sl="103" sc="9" el="103" ec="9" bec="0" bev="0" fileid="184" />
              </SequencePoints>
              <BranchPoints />
            </Method>
            <Method visited="true" cyclomaticComplexity="0" nPathComplexity="0" sequenceCoverage="100.0" branchCoverage="0" crapScore="0" isConstructor="false" isStatic="false" isGetter="false" isSetter="false">
              <Summary numSequencePoints="3" visitedSequencePoints="3" numBranchPoints="0" visitedBranchPoints="0" sequenceCoverage="100.0" branchCoverage="0" maxCyclomaticComplexity="0" minCyclomaticComplexity="0" maxCrapScore="0" minCrapScore="0" visitedClasses="0" numClasses="0" visitedMethods="1" numMethods="1" />
              <MetadataToken>100663513</MetadataToken>
              <Name>System.Void DialogueEditor.ConversationManager::OnDestroy()</Name>
              <FileRef uid="184" />
              <SequencePoints>
                <SequencePoint vc="1" uspid="38932" ordinal="0" offset="0" sl="106" sc="9" el="106" ec="9" bec="0" bev="0" fileid="184" />
                <SequencePoint vc="1" uspid="38933" ordinal="0" offset="1" sl="107" sc="13" el="107" ec="13" bec="0" bev="0" fileid="184" />
                <SequencePoint vc="1" uspid="38934" ordinal="0" offset="8" sl="108" sc="9" el="108" ec="9" bec="0" bev="0" fileid="184" />
              </SequencePoints>
              <BranchPoints />
            </Method>
            <Method visited="true" cyclomaticComplexity="0" nPathComplexity="0" sequenceCoverage="20.00" branchCoverage="0" crapScore="0" isConstructor="false" isStatic="false" isGetter="false" isSetter="false">
              <Summary numSequencePoints="15" visitedSequencePoints="3" numBranchPoints="0" visitedBranchPoints="0" sequenceCoverage="20.00" branchCoverage="0" maxCyclomaticComplexity="0" minCyclomaticComplexity="0" maxCrapScore="0" minCrapScore="0" visitedClasses="0" numClasses="0" visitedMethods="1" numMethods="1" />
              <MetadataToken>100663514</MetadataToken>
              <Name>System.Void DialogueEditor.ConversationManager::Update()</Name>
              <FileRef uid="184" />
              <SequencePoints>
                <SequencePoint vc="43" uspid="38935" ordinal="0" offset="0" sl="111" sc="9" el="111" ec="9" bec="0" bev="0" fileid="184" />
                <SequencePoint vc="43" uspid="38936" ordinal="0" offset="1" sl="112" sc="13" el="112" ec="13" bec="0" bev="0" fileid="184" />
                <SequencePoint vc="0" uspid="38937" ordinal="0" offset="42" sl="115" sc="21" el="115" ec="21" bec="0" bev="0" fileid="184" />
                <SequencePoint vc="0" uspid="38938" ordinal="0" offset="49" sl="116" sc="21" el="116" ec="21" bec="0" bev="0" fileid="184" />
                <SequencePoint vc="0" uspid="38939" ordinal="0" offset="51" sl="119" sc="21" el="119" ec="21" bec="0" bev="0" fileid="184" />
                <SequencePoint vc="0" uspid="38940" ordinal="0" offset="58" sl="120" sc="21" el="120" ec="21" bec="0" bev="0" fileid="184" />
                <SequencePoint vc="0" uspid="38941" ordinal="0" offset="60" sl="123" sc="21" el="123" ec="21" bec="0" bev="0" fileid="184" />
                <SequencePoint vc="0" uspid="38942" ordinal="0" offset="67" sl="124" sc="21" el="124" ec="21" bec="0" bev="0" fileid="184" />
                <SequencePoint vc="0" uspid="38943" ordinal="0" offset="69" sl="127" sc="21" el="127" ec="21" bec="0" bev="0" fileid="184" />
                <SequencePoint vc="0" uspid="38944" ordinal="0" offset="76" sl="128" sc="21" el="128" ec="21" bec="0" bev="0" fileid="184" />
                <SequencePoint vc="0" uspid="38945" ordinal="0" offset="78" sl="131" sc="21" el="131" ec="21" bec="0" bev="0" fileid="184" />
                <SequencePoint vc="0" uspid="38946" ordinal="0" offset="85" sl="132" sc="21" el="132" ec="21" bec="0" bev="0" fileid="184" />
                <SequencePoint vc="0" uspid="38947" ordinal="0" offset="87" sl="135" sc="21" el="135" ec="21" bec="0" bev="0" fileid="184" />
                <SequencePoint vc="0" uspid="38948" ordinal="0" offset="94" sl="136" sc="21" el="136" ec="21" bec="0" bev="0" fileid="184" />
                <SequencePoint vc="43" uspid="38949" ordinal="0" offset="96" sl="138" sc="9" el="138" ec="9" bec="0" bev="0" fileid="184" />
              </SequencePoints>
              <BranchPoints />
            </Method>
            <Method visited="true" cyclomaticComplexity="0" nPathComplexity="0" sequenceCoverage="27.78" branchCoverage="0" crapScore="0" isConstructor="false" isStatic="false" isGetter="false" isSetter="false">
              <Summary numSequencePoints="36" visitedSequencePoints="10" numBranchPoints="0" visitedBranchPoints="0" sequenceCoverage="27.78" branchCoverage="0" maxCyclomaticComplexity="0" minCyclomaticComplexity="0" maxCrapScore="0" minCrapScore="0" visitedClasses="0" numClasses="0" visitedMethods="1" numMethods="1" />
              <MetadataToken>100663525</MetadataToken>
              <Name>System.Void DialogueEditor.ConversationManager::SetState(DialogueEditor.ConversationManager/eState)</Name>
              <FileRef uid="184" />
              <SequencePoints>
                <SequencePoint vc="1" uspid="39038" ordinal="0" offset="0" sl="265" sc="9" el="265" ec="9" bec="0" bev="0" fileid="184" />
                <SequencePoint vc="1" uspid="39039" ordinal="0" offset="1" sl="267" sc="13" el="267" ec="13" bec="0" bev="0" fileid="184" />
                <SequencePoint vc="0" uspid="39040" ordinal="0" offset="21" sl="270" sc="21" el="270" ec="21" bec="0" bev="0" fileid="184" />
                <SequencePoint vc="0" uspid="39041" ordinal="0" offset="28" sl="271" sc="21" el="271" ec="21" bec="0" bev="0" fileid="184" />
                <SequencePoint vc="1" uspid="39042" ordinal="0" offset="30" sl="273" sc="21" el="273" ec="21" bec="0" bev="0" fileid="184" />
                <SequencePoint vc="1" uspid="39043" ordinal="0" offset="48" sl="274" sc="21" el="274" ec="21" bec="0" bev="0" fileid="184" />
                <SequencePoint vc="1" uspid="39044" ordinal="0" offset="66" sl="275" sc="21" el="275" ec="21" bec="0" bev="0" fileid="184" />
                <SequencePoint vc="1" uspid="39045" ordinal="0" offset="84" sl="276" sc="21" el="276" ec="21" bec="0" bev="0" fileid="184" />
                <SequencePoint vc="1" uspid="39046" ordinal="0" offset="86" sl="279" sc="13" el="279" ec="13" bec="0" bev="0" fileid="184" />
                <SequencePoint vc="1" uspid="39047" ordinal="0" offset="93" sl="280" sc="13" el="280" ec="13" bec="0" bev="0" fileid="184" />
                <SequencePoint vc="1" uspid="39048" ordinal="0" offset="104" sl="283" sc="13" el="283" ec="13" bec="0" bev="0" fileid="184" />
                <SequencePoint vc="0" uspid="39049" ordinal="0" offset="136" sl="286" sc="21" el="286" ec="21" bec="0" bev="0" fileid="184" />
                <SequencePoint vc="0" uspid="39050" ordinal="0" offset="137" sl="287" sc="25" el="287" ec="25" bec="0" bev="0" fileid="184" />
                <SequencePoint vc="0" uspid="39051" ordinal="0" offset="155" sl="288" sc="25" el="288" ec="25" bec="0" bev="0" fileid="184" />
                <SequencePoint vc="0" uspid="39052" ordinal="0" offset="173" sl="289" sc="25" el="289" ec="25" bec="0" bev="0" fileid="184" />
                <SequencePoint vc="0" uspid="39053" ordinal="0" offset="191" sl="291" sc="25" el="291" ec="25" bec="0" bev="0" fileid="184" />
                <SequencePoint vc="0" uspid="39054" ordinal="0" offset="208" sl="292" sc="25" el="292" ec="25" bec="0" bev="0" fileid="184" />
                <SequencePoint vc="0" uspid="39055" ordinal="0" offset="231" sl="293" sc="25" el="293" ec="25" bec="0" bev="0" fileid="184" />
                <SequencePoint vc="0" uspid="39056" ordinal="0" offset="281" sl="294" sc="21" el="294" ec="21" bec="0" bev="0" fileid="184" />
                <SequencePoint vc="0" uspid="39057" ordinal="0" offset="282" sl="295" sc="21" el="295" ec="21" bec="0" bev="0" fileid="184" />
                <SequencePoint vc="0" uspid="39058" ordinal="0" offset="284" sl="298" sc="21" el="298" ec="21" bec="0" bev="0" fileid="184" />
                <SequencePoint vc="0" uspid="39059" ordinal="0" offset="285" sl="299" sc="25" el="299" ec="25" bec="0" bev="0" fileid="184" />
                <SequencePoint vc="0" uspid="39060" ordinal="0" offset="303" sl="300" sc="21" el="300" ec="21" bec="0" bev="0" fileid="184" />
                <SequencePoint vc="0" uspid="39061" ordinal="0" offset="304" sl="301" sc="21" el="301" ec="21" bec="0" bev="0" fileid="184" />
                <SequencePoint vc="0" uspid="39062" ordinal="0" offset="306" sl="304" sc="21" el="304" ec="21" bec="0" bev="0" fileid="184" />
                <SequencePoint vc="0" uspid="39063" ordinal="0" offset="307" sl="305" sc="25" el="305" ec="25" bec="0" bev="0" fileid="184" />
                <SequencePoint vc="0" uspid="39064" ordinal="0" offset="325" sl="307" sc="25" el="307" ec="25" bec="0" bev="0" fileid="184" />
                <SequencePoint vc="0" uspid="39065" ordinal="0" offset="332" sl="309" sc="30" el="309" ec="30" bec="0" bev="0" fileid="184" />
                <SequencePoint vc="0" uspid="39066" ordinal="0" offset="337" sl="310" sc="25" el="310" ec="25" bec="0" bev="0" fileid="184" />
                <SequencePoint vc="0" uspid="39067" ordinal="0" offset="338" sl="311" sc="29" el="311" ec="29" bec="0" bev="0" fileid="184" />
                <SequencePoint vc="0" uspid="39068" ordinal="0" offset="363" sl="312" sc="25" el="312" ec="25" bec="0" bev="0" fileid="184" />
                <SequencePoint vc="0" uspid="39069" ordinal="0" offset="364" sl="309" sc="64" el="309" ec="64" bec="0" bev="0" fileid="184" />
                <SequencePoint vc="0" uspid="39070" ordinal="0" offset="370" sl="309" sc="41" el="309" ec="41" bec="0" bev="0" fileid="184" />
                <SequencePoint vc="0" uspid="39071" ordinal="0" offset="391" sl="313" sc="21" el="313" ec="21" bec="0" bev="0" fileid="184" />
                <SequencePoint vc="0" uspid="39072" ordinal="0" offset="392" sl="314" sc="21" el="314" ec="21" bec="0" bev="0" fileid="184" />
                <SequencePoint vc="1" uspid="39073" ordinal="0" offset="394" sl="316" sc="9" el="316" ec="9" bec="0" bev="0" fileid="184" />
              </SequencePoints>
              <BranchPoints />
            </Method>
            <Method visited="true" cyclomaticComplexity="0" nPathComplexity="0" sequenceCoverage="100.0" branchCoverage="0" crapScore="0" isConstructor="false" isStatic="false" isGetter="false" isSetter="false">
              <Summary numSequencePoints="5" visitedSequencePoints="5" numBranchPoints="0" visitedBranchPoints="0" sequenceCoverage="100.0" branchCoverage="0" maxCyclomaticComplexity="0" minCyclomaticComplexity="0" maxCrapScore="0" minCrapScore="0" visitedClasses="0" numClasses="0" visitedMethods="1" numMethods="1" />
              <MetadataToken>100663539</MetadataToken>
              <Name>System.Void DialogueEditor.ConversationManager::TurnOffUI()</Name>
              <FileRef uid="184" />
              <SequencePoints>
                <SequencePoint vc="1" uspid="39295" ordinal="0" offset="0" sl="646" sc="9" el="646" ec="9" bec="0" bev="0" fileid="184" />
                <SequencePoint vc="1" uspid="39296" ordinal="0" offset="1" sl="647" sc="13" el="647" ec="13" bec="0" bev="0" fileid="184" />
                <SequencePoint vc="1" uspid="39297" ordinal="0" offset="19" sl="648" sc="13" el="648" ec="13" bec="0" bev="0" fileid="184" />
                <SequencePoint vc="1" uspid="39298" ordinal="0" offset="37" sl="649" sc="13" el="649" ec="13" bec="0" bev="0" fileid="184" />
                <SequencePoint vc="1" uspid="39299" ordinal="0" offset="45" sl="653" sc="9" el="653" ec="9" bec="0" bev="0" fileid="184" />
              </SequencePoints>
              <BranchPoints />
            </Method>
            <Method visited="true" cyclomaticComplexity="0" nPathComplexity="0" sequenceCoverage="100.0" branchCoverage="0" crapScore="0" isConstructor="false" isStatic="false" isGetter="false" isSetter="false">
              <Summary numSequencePoints="5" visitedSequencePoints="5" numBranchPoints="0" visitedBranchPoints="0" sequenceCoverage="100.0" branchCoverage="0" maxCyclomaticComplexity="0" minCyclomaticComplexity="0" maxCrapScore="0" minCrapScore="0" visitedClasses="0" numClasses="0" visitedMethods="1" numMethods="1" />
              <MetadataToken>100663542</MetadataToken>
              <Name>System.Void DialogueEditor.ConversationManager::SetColorAlpha(UnityEngine.UI.MaskableGraphic, System.Single)</Name>
              <FileRef uid="184" />
              <SequencePoints>
                <SequencePoint vc="3" uspid="39356" ordinal="0" offset="0" sl="724" sc="9" el="724" ec="9" bec="0" bev="0" fileid="184" />
                <SequencePoint vc="3" uspid="39357" ordinal="0" offset="1" sl="725" sc="13" el="725" ec="13" bec="0" bev="0" fileid="184" />
                <SequencePoint vc="3" uspid="39358" ordinal="0" offset="8" sl="726" sc="13" el="726" ec="13" bec="0" bev="0" fileid="184" />
                <SequencePoint vc="3" uspid="39359" ordinal="0" offset="16" sl="727" sc="13" el="727" ec="13" bec="0" bev="0" fileid="184" />
                <SequencePoint vc="3" uspid="39360" ordinal="0" offset="24" sl="728" sc="9" el="728" ec="9" bec="0" bev="0" fileid="184" />
              </SequencePoints>
              <BranchPoints />
            </Method>
            <Method visited="true" cyclomaticComplexity="0" nPathComplexity="0" sequenceCoverage="100.0" branchCoverage="0" crapScore="0" isConstructor="true" isStatic="false" isGetter="false" isSetter="false">
              <Summary numSequencePoints="1" visitedSequencePoints="1" numBranchPoints="0" visitedBranchPoints="0" sequenceCoverage="100.0" branchCoverage="0" maxCyclomaticComplexity="0" minCyclomaticComplexity="0" maxCrapScore="0" minCrapScore="0" visitedClasses="0" numClasses="0" visitedMethods="1" numMethods="1" />
              <MetadataToken>100663549</MetadataToken>
              <Name>DialogueEditor.ConversationManager::ConversationManager()</Name>
              <FileRef uid="184" />
              <SequencePoints>
                <SequencePoint vc="2" uspid="39449" ordinal="0" offset="0" sl="35" sc="9" el="35" ec="9" bec="0" bev="0" fileid="184" />
              </SequencePoints>
              <BranchPoints />
            </Method>
          </Methods>
        </Class>
        <Class>
          <Summary numSequencePoints="3" visitedSequencePoints="3" numBranchPoints="0" visitedBranchPoints="0" sequenceCoverage="100.0" branchCoverage="0.0" maxCyclomaticComplexity="0" minCyclomaticComplexity="0" maxCrapScore="0" minCrapScore="0" visitedClasses="1" numClasses="1" visitedMethods="1" numMethods="1" />
          <FullName>DialogueEditor.UIConversationButton</FullName>
          <Methods>
            <Method visited="true" cyclomaticComplexity="0" nPathComplexity="0" sequenceCoverage="100.0" branchCoverage="0" crapScore="0" isConstructor="true" isStatic="false" isGetter="false" isSetter="false">
              <Summary numSequencePoints="3" visitedSequencePoints="3" numBranchPoints="0" visitedBranchPoints="0" sequenceCoverage="100.0" branchCoverage="0" maxCyclomaticComplexity="0" minCyclomaticComplexity="0" maxCrapScore="0" minCrapScore="0" visitedClasses="0" numClasses="0" visitedMethods="1" numMethods="1" />
              <MetadataToken>100663569</MetadataToken>
              <Name>DialogueEditor.UIConversationButton::UIConversationButton()</Name>
              <FileRef uid="186" />
              <SequencePoints>
                <SequencePoint vc="1" uspid="39682" ordinal="0" offset="0" sl="27" sc="26" el="27" ec="26" bec="0" bev="0" fileid="186" />
                <SequencePoint vc="1" uspid="39683" ordinal="0" offset="7" sl="28" sc="26" el="28" ec="26" bec="0" bev="0" fileid="186" />
                <SequencePoint vc="1" uspid="39684" ordinal="0" offset="14" sl="36" sc="9" el="36" ec="9" bec="0" bev="0" fileid="186" />
              </SequencePoints>
              <BranchPoints />
            </Method>
          </Methods>
        </Class>
      </Classes>
    </Module>
  </Modules>
</CoverageSession>